Using pre-set license
Built from '2020.2/release' branch; Version is '2020.2.2f1 (068178b99f32) revision 426360'; Using compiler version '192528614'; Build Type 'Release'
OS: 'Windows 10 Pro; OS build 19042.964; Version 2009; 64bit' Language: 'en' Physical Memory: 32645 MB
BatchMode: 1, IsHumanControllingUs: 0, StartBugReporterOnCrash: 0, Is64bit: 1, IsPro: 0

 COMMAND LINE ARGUMENTS:
C:\Program Files\Unity\Editor\Unity.exe
-adb2
-batchMode
-noUpm
-name
AssetImportWorker3
-projectPath
C:/Users/lalal/OneDrive - TAFE NSW/Diploma GIT/Multiplayer-Project
-logFile
Logs/AssetImportWorker3.log
-srvPort
55182
Successfully changed project path to: C:/Users/lalal/OneDrive - TAFE NSW/Diploma GIT/Multiplayer-Project
C:/Users/lalal/OneDrive - TAFE NSW/Diploma GIT/Multiplayer-Project
Using Asset Import Pipeline V2.
Refreshing native plugins compatible for Editor in 124.34 ms, found 0 plugins.
Preloading 0 native plugins for Editor in 0.00 ms.
Initialize engine version: 2020.2.2f1 (068178b99f32)
[Subsystems] Discovering subsystems at path C:/Program Files/Unity/Editor/Data/Resources/UnitySubsystems
[Subsystems] Discovering subsystems at path C:/Users/lalal/OneDrive - TAFE NSW/Diploma GIT/Multiplayer-Project/Assets
GfxDevice: creating device client; threaded=0
Direct3D:
    Version:  Direct3D 11.0 [level 11.1]
    Renderer: NVIDIA GeForce RTX 2070 with Max-Q Design (ID=0x1f50)
    Vendor:   
    VRAM:     8031 MB
    Driver:   27.21.14.6192
Initialize mono
Mono path[0] = 'C:/Program Files/Unity/Editor/Data/Managed'
Mono path[1] = 'C:/Program Files/Unity/Editor/Data/MonoBleedingEdge/lib/mono/unityjit'
Mono config path = 'C:/Program Files/Unity/Editor/Data/MonoBleedingEdge/etc'
Using monoOptions --debugger-agent=transport=dt_socket,embedding=1,server=y,suspend=n,address=127.0.0.1:56384
Begin MonoManager ReloadAssembly
Registering precompiled unity dll's ...
Register platform support module: C:/Program Files/Unity/Editor/Data/PlaybackEngines/WindowsStandaloneSupport/UnityEditor.WindowsStandalone.Extensions.dll
Registered in 0.008597 seconds.
Native extension for WindowsStandalone target not found
Refreshing native plugins compatible for Editor in 176.58 ms, found 0 plugins.
Preloading 0 native plugins for Editor in 0.00 ms.
Invoked RoslynAnalysisRunner static constructor.
RoslynAnalysisRunner will not be running.
RoslynAnalysisRunner has terminated.
Mono: successfully reloaded assembly
- Completed reload, in  4.451 seconds
Platform modules already initialized, skipping
Registering precompiled user dll's ...
Registered in 0.017719 seconds.
Begin MonoManager ReloadAssembly
Native extension for WindowsStandalone target not found
Refreshing native plugins compatible for Editor in 0.96 ms, found 0 plugins.
Preloading 0 native plugins for Editor in 0.00 ms.
Invoked RoslynAnalysisRunner static constructor.
RoslynAnalysisRunner will not be running.
RoslynAnalysisRunner has terminated.
Find all reader and writers took 494 milliseconds
Script Module: UnityEngine.UI.dll
Weave behaviours and messages took480 milliseconds
Find all reader and writers took 387 milliseconds
Script Module: UnityEngine.TestRunner.dll
Weave behaviours and messages took177 milliseconds
Find all reader and writers took 456 milliseconds
Script Module: SimpleWebTransport.dll
Weave behaviours and messages took47 milliseconds
Find all reader and writers took 545 milliseconds
Script Module: Unity.Timeline.dll
Weave behaviours and messages took378 milliseconds
Find all reader and writers took 640 milliseconds
Script Module: Mirror.Examples.dll
[Projectile] NetworkBehaviourProcessor
[Tank] NetworkBehaviourProcessor
[NetworkRoomPlayer] NetworkBehaviourProcessor
[NetworkRoomPlayerExt] NetworkBehaviourProcessor
[PlayerController] NetworkBehaviourProcessor
[PlayerScore] NetworkBehaviourProcessor
[RandomColor] NetworkBehaviourProcessor
[Reward] NetworkBehaviourProcessor
[AddForce] NetworkBehaviourProcessor
[Ball] NetworkBehaviourProcessor
[Player] NetworkBehaviourProcessor
[MatchController] NetworkBehaviourProcessor
[PhysicsCollision] NetworkBehaviourProcessor
[PlayerController] NetworkBehaviourProcessor
[PlayerScore] NetworkBehaviourProcessor
[RandomColor] NetworkBehaviourProcessor
[Reward] NetworkBehaviourProcessor
[Player] NetworkBehaviourProcessor
[MonsterMovement] NetworkBehaviourProcessor
[PlayerMovement] NetworkBehaviourProcessor
[Player] NetworkBehaviourProcessor
[PlayerController] NetworkBehaviourProcessor
[RandomColor] NetworkBehaviourProcessor
[ShootingTankBehaviour] NetworkBehaviourProcessor
Weave behaviours and messages took710 milliseconds
  ProcessSitesModule Mirror.Examples.dll elapsed time:00:00:00.0901581
Find all reader and writers took 506 milliseconds
Script Module: Mirror.Components.dll
[NetworkAnimator] NetworkBehaviourProcessor
[NetworkRoomPlayer] NetworkBehaviourProcessor
[NetworkLobbyPlayer] NetworkBehaviourProcessor
[NetworkVisibility] NetworkBehaviourProcessor
[NetworkVisibility] Found NetworkBehaviour Mirror.NetworkVisibility
[NetworkVisibility] Process Start
[NetworkVisibility]   GenerateSerialization
[NetworkVisibility]   GenerateDeSerialization
[NetworkVisibility] Process Done
[NetworkMatchChecker] NetworkBehaviourProcessor
[NetworkVisibility] NetworkBehaviourProcessor
[NetworkOwnerChecker] NetworkBehaviourProcessor
[NetworkVisibility] NetworkBehaviourProcessor
[NetworkProximityChecker] NetworkBehaviourProcessor
[NetworkRoomPlayer] NetworkBehaviourProcessor
[NetworkVisibility] NetworkBehaviourProcessor
[NetworkSceneChecker] NetworkBehaviourProcessor
[NetworkTransformBase] NetworkBehaviourProcessor
[NetworkTransform] NetworkBehaviourProcessor
[NetworkTransformBase] NetworkBehaviourProcessor
[NetworkTransformBase] NetworkBehaviourProcessor
[NetworkTransformChild] NetworkBehaviourProcessor
[NetworkLerpRigidbody] NetworkBehaviourProcessor
[NetworkRigidbody] NetworkBehaviourProcessor
[NetworkRigidbody2D] NetworkBehaviourProcessor
[NetworkTransformBase] NetworkBehaviourProcessor
[NetworkTransform] NetworkBehaviourProcessor
[NetworkTransformBase] NetworkBehaviourProcessor
[NetworkTransformBase] NetworkBehaviourProcessor
[NetworkTransformChild] NetworkBehaviourProcessor
Weave behaviours and messages took710 milliseconds
  ProcessSitesModule Mirror.Components.dll elapsed time:00:00:00.0358635
Find all reader and writers took 451 milliseconds
Script Module: Mirror.Tests.Common.dll
Weave behaviours and messages took8 milliseconds
Find all reader and writers took 617 milliseconds
Script Module: Unity.TextMeshPro.dll
Weave behaviours and messages took485 milliseconds
Find all reader and writers took 418 milliseconds
Script Module: Mirror.Tests.Runtime.dll
Weave behaviours and messages took38 milliseconds
Find all reader and writers took 429 milliseconds
Script Module: Telepathy.dll
Weave behaviours and messages took22 milliseconds
Find all reader and writers took 448 milliseconds
Script Module: Mirror.Authenticators.dll
Weave behaviours and messages took155 milliseconds
  ProcessSitesModule Mirror.Authenticators.dll elapsed time:00:00:00.0076324
