Using pre-set license
Built from '2020.2/release' branch; Version is '2020.2.2f1 (068178b99f32) revision 426360'; Using compiler version '192528614'; Build Type 'Release'
OS: 'Windows 10 Pro; OS build 19042.867; Version 2009; 64bit' Language: 'en' Physical Memory: 32645 MB
BatchMode: 1, IsHumanControllingUs: 0, StartBugReporterOnCrash: 0, Is64bit: 1, IsPro: 0

 COMMAND LINE ARGUMENTS:
C:\Program Files\Unity\Editor\Unity.exe
-adb2
-batchMode
-noUpm
-name
AssetImportWorker0
-projectPath
C:/Users/lalal/Documents/Class Projects/Multiplayer Networking
-logFile
Logs/AssetImportWorker0.log
-srvPort
60709
Successfully changed project path to: C:/Users/lalal/Documents/Class Projects/Multiplayer Networking
C:/Users/lalal/Documents/Class Projects/Multiplayer Networking
Using Asset Import Pipeline V2.
Refreshing native plugins compatible for Editor in 24.37 ms, found 0 plugins.
Preloading 0 native plugins for Editor in 0.00 ms.
Initialize engine version: 2020.2.2f1 (068178b99f32)
[Subsystems] Discovering subsystems at path C:/Program Files/Unity/Editor/Data/Resources/UnitySubsystems
[Subsystems] Discovering subsystems at path C:/Users/lalal/Documents/Class Projects/Multiplayer Networking/Assets
GfxDevice: creating device client; threaded=0
Direct3D:
    Version:  Direct3D 11.0 [level 11.1]
    Renderer: NVIDIA GeForce RTX 2070 with Max-Q Design (ID=0x1f50)
    Vendor:   
    VRAM:     8031 MB
    Driver:   27.21.14.5763
Initialize mono
Mono path[0] = 'C:/Program Files/Unity/Editor/Data/Managed'
Mono path[1] = 'C:/Program Files/Unity/Editor/Data/MonoBleedingEdge/lib/mono/unityjit'
Mono config path = 'C:/Program Files/Unity/Editor/Data/MonoBleedingEdge/etc'
Using monoOptions --debugger-agent=transport=dt_socket,embedding=1,server=y,suspend=n,address=127.0.0.1:56860
Begin MonoManager ReloadAssembly
Registering precompiled unity dll's ...
Register platform support module: C:/Program Files/Unity/Editor/Data/PlaybackEngines/WindowsStandaloneSupport/UnityEditor.WindowsStandalone.Extensions.dll
Registered in 0.002293 seconds.
Native extension for WindowsStandalone target not found
Refreshing native plugins compatible for Editor in 23.32 ms, found 0 plugins.
Preloading 0 native plugins for Editor in 0.00 ms.
Invoked RoslynAnalysisRunner static constructor.
RoslynAnalysisRunner will not be running.
RoslynAnalysisRunner has terminated.
Mono: successfully reloaded assembly
- Completed reload, in  1.234 seconds
Platform modules already initialized, skipping
Registering precompiled user dll's ...
Registered in 0.001073 seconds.
Begin MonoManager ReloadAssembly
Native extension for WindowsStandalone target not found
Refreshing native plugins compatible for Editor in 0.18 ms, found 0 plugins.
Preloading 0 native plugins for Editor in 0.00 ms.
Invoked RoslynAnalysisRunner static constructor.
RoslynAnalysisRunner will not be running.
RoslynAnalysisRunner has terminated.
Mono: successfully reloaded assembly
- Completed reload, in  0.850 seconds
Platform modules already initialized, skipping
========================================================================
Worker process is ready to serve import requests
Launched and connected shader compiler UnityShaderCompiler.exe after 0.05 seconds
Refreshing native plugins compatible for Editor in 0.18 ms, found 0 plugins.
Preloading 0 native plugins for Editor in 0.00 ms.
Unloading 1099 Unused Serialized files (Serialized files now loaded: 0)
System memory in use before: 56.4 MB.
System memory in use after: 56.5 MB.

Unloading 10 unused Assets to reduce memory usage. Loaded Objects now: 1540.
Total: 1.476400 ms (FindLiveObjects: 0.142200 ms CreateObjectMapping: 0.053900 ms MarkObjects: 1.204800 ms  DeleteObjects: 0.074100 ms)

========================================================================
Received Import Request.
  path: Assets/MultiplayerAssets.unitypackage
  artifactKey: Guid(8bddffbed508a1047959e52dc00f5929) Importer(815301076,1909f56bfc062723c751e8b465ee728b)
Start importing Assets/MultiplayerAssets.unitypackage using Guid(8bddffbed508a1047959e52dc00f5929) Importer(815301076,1909f56bfc062723c751e8b465ee728b)  -> (artifact id: '70562cfbf04431cb5388e0e5db2593e2') in 0.036022 seconds
  Import took 0.037873 seconds .

========================================================================
Received Import Request.
  Time since last request: 12.480898 seconds.
  path: Assets/Sci-Fi Multiplayer
  artifactKey: Guid(d632036ecd41b28439e7e8dddb745b0f) Importer(815301076,1909f56bfc062723c751e8b465ee728b)
Start importing Assets/Sci-Fi Multiplayer using Guid(d632036ecd41b28439e7e8dddb745b0f) Importer(815301076,1909f56bfc062723c751e8b465ee728b)  -> (artifact id: 'd9cf5346f3d2786e1d740f311fe38122') in 0.009460 seconds
  Import took 0.011454 seconds .

========================================================================
Received Import Request.
  Time since last request: 1.372977 seconds.
  path: Assets/Sci-Fi Multiplayer/Scenes
  artifactKey: Guid(15c238e991b5dfc4ea50a6b113d1df34) Importer(815301076,1909f56bfc062723c751e8b465ee728b)
Start importing Assets/Sci-Fi Multiplayer/Scenes using Guid(15c238e991b5dfc4ea50a6b113d1df34) Importer(815301076,1909f56bfc062723c751e8b465ee728b)  -> (artifact id: 'f15cfd21ceb6026eff54282c96fc8487') in 0.009388 seconds
  Import took 0.011398 seconds .

========================================================================
Received Import Request.
  Time since last request: 1.074645 seconds.
  path: Assets/Sci-Fi Multiplayer/Scenes/SimpleNaturePack_Demo.unity
  artifactKey: Guid(5e7af4bd95ac53a4cb784a9eedf8f6f9) Importer(815301076,1909f56bfc062723c751e8b465ee728b)
Start importing Assets/Sci-Fi Multiplayer/Scenes/SimpleNaturePack_Demo.unity using Guid(5e7af4bd95ac53a4cb784a9eedf8f6f9) Importer(815301076,1909f56bfc062723c751e8b465ee728b)  -> (artifact id: '2f3051a405cad8beec9e452c07ac657d') in 0.007513 seconds
  Import took 0.009183 seconds .

========================================================================
Received Import Request.
  Time since last request: 21.631605 seconds.
  path: Assets/Sci-Fi Multiplayer/Scenes/Gameplay.unity
  artifactKey: Guid(5e7af4bd95ac53a4cb784a9eedf8f6f9) Importer(815301076,1909f56bfc062723c751e8b465ee728b)
Start importing Assets/Sci-Fi Multiplayer/Scenes/Gameplay.unity using Guid(5e7af4bd95ac53a4cb784a9eedf8f6f9) Importer(815301076,1909f56bfc062723c751e8b465ee728b)  -> (artifact id: '1cf41aee31af03fb6eeb307ebeaf7449') in 0.007906 seconds
  Import took 0.010207 seconds .

========================================================================
Received Import Request.
  Time since last request: 10.487483 seconds.
  path: Assets/Sci-Fi Multiplayer/Scenes/SimpleNaturePack_DemoSettings.lighting
  artifactKey: Guid(570a07f1fa2e05743b25caef127e2bcd) Importer(815301076,1909f56bfc062723c751e8b465ee728b)
Start importing Assets/Sci-Fi Multiplayer/Scenes/SimpleNaturePack_DemoSettings.lighting using Guid(570a07f1fa2e05743b25caef127e2bcd) Importer(815301076,1909f56bfc062723c751e8b465ee728b)  -> (artifact id: 'a3cf6facdef8e6cf096bb89e0827b77b') in 0.028013 seconds
  Import took 0.030100 seconds .

========================================================================
Received Import Request.
  Time since last request: 0.005890 seconds.
  path: Assets/Sci-Fi Multiplayer/Scenes/SimpleNaturePack_DemoSettings.lighting
  artifactKey: Guid(570a07f1fa2e05743b25caef127e2bcd) Importer(815301076,1909f56bfc062723c751e8b465ee728b)
Start importing Assets/Sci-Fi Multiplayer/Scenes/SimpleNaturePack_DemoSettings.lighting using Guid(570a07f1fa2e05743b25caef127e2bcd) Importer(815301076,1909f56bfc062723c751e8b465ee728b)  -> (artifact id: 'a3cf6facdef8e6cf096bb89e0827b77b') in 0.003409 seconds
  Import took 0.005165 seconds .

========================================================================
Received Import Request.
  Time since last request: 11.691509 seconds.
  path: Assets/Sci-Fi Multiplayer/Scenes/Gameplay_Settings.lighting
  artifactKey: Guid(570a07f1fa2e05743b25caef127e2bcd) Importer(815301076,1909f56bfc062723c751e8b465ee728b)
Start importing Assets/Sci-Fi Multiplayer/Scenes/Gameplay_Settings.lighting using Guid(570a07f1fa2e05743b25caef127e2bcd) Importer(815301076,1909f56bfc062723c751e8b465ee728b)  -> (artifact id: 'a64e3527a2071e5ea9658259dbec9072') in 0.008557 seconds
  Import took 0.010713 seconds .

========================================================================
Received Import Request.
  Time since last request: 17.907258 seconds.
  path: Assets/Sci-Fi Multiplayer/Scenes/Gameplay Settings.lighting
  artifactKey: Guid(570a07f1fa2e05743b25caef127e2bcd) Importer(815301076,1909f56bfc062723c751e8b465ee728b)
Start importing Assets/Sci-Fi Multiplayer/Scenes/Gameplay Settings.lighting using Guid(570a07f1fa2e05743b25caef127e2bcd) Importer(815301076,1909f56bfc062723c751e8b465ee728b)  -> (artifact id: 'bf3931af418ca342159caba8c1325335') in 0.008315 seconds
  Import took 0.010132 seconds .

========================================================================
Received Import Request.
  Time since last request: 8.158093 seconds.
  path: Assets/Sci-Fi Multiplayer/Prefabs/Vehicles
  artifactKey: Guid(ecb70f652f8a5044d9811bc79b0e03e7) Importer(815301076,1909f56bfc062723c751e8b465ee728b)
Start importing Assets/Sci-Fi Multiplayer/Prefabs/Vehicles using Guid(ecb70f652f8a5044d9811bc79b0e03e7) Importer(815301076,1909f56bfc062723c751e8b465ee728b)  -> (artifact id: '3dc300023ece150ce3428be8f893db70') in 0.008597 seconds
  Import took 0.010654 seconds .

========================================================================
Received Import Request.
  Time since last request: 0.092311 seconds.
  path: Assets/Sci-Fi Multiplayer/Prefabs/Vehicles/Vehicle 1.prefab
  artifactKey: Guid(4ed65d69118f9cb448d34999c1c7789d) Importer(815301076,1909f56bfc062723c751e8b465ee728b)
Start importing Assets/Sci-Fi Multiplayer/Prefabs/Vehicles/Vehicle 1.prefab using Guid(4ed65d69118f9cb448d34999c1c7789d) Importer(815301076,1909f56bfc062723c751e8b465ee728b)  -> (artifact id: 'cc7337a906344520202770882e117793') in 0.405019 seconds
  Import took 0.408650 seconds .

========================================================================
Received Import Request.
  Time since last request: 0.000223 seconds.
  path: Assets/Sci-Fi Multiplayer/Prefabs/Vehicles/Vehicle 2.prefab
  artifactKey: Guid(fd741faad8eb1014cbe3325f2d93158b) Importer(815301076,1909f56bfc062723c751e8b465ee728b)
Start importing Assets/Sci-Fi Multiplayer/Prefabs/Vehicles/Vehicle 2.prefab using Guid(fd741faad8eb1014cbe3325f2d93158b) Importer(815301076,1909f56bfc062723c751e8b465ee728b)  -> (artifact id: '887e84fae6cff998a71587c2d06ea35c') in 0.279413 seconds
  Import took 0.284107 seconds .

========================================================================
Received Import Request.
  Time since last request: 0.000223 seconds.
  path: Assets/Sci-Fi Multiplayer/Prefabs/Vehicles/Vehicle 3.prefab
  artifactKey: Guid(b93ee73748e1f474f82d943121e15385) Importer(815301076,1909f56bfc062723c751e8b465ee728b)
Start importing Assets/Sci-Fi Multiplayer/Prefabs/Vehicles/Vehicle 3.prefab using Guid(b93ee73748e1f474f82d943121e15385) Importer(815301076,1909f56bfc062723c751e8b465ee728b)  -> (artifact id: 'b84f95f6e711a2986663a0f137082096') in 0.053211 seconds
  Import took 0.057931 seconds .

========================================================================
Received Prepare
Registering precompiled user dll's ...
Registered in 0.004694 seconds.
Begin MonoManager ReloadAssembly
Native extension for WindowsStandalone target not found
Refreshing native plugins compatible for Editor in 0.26 ms, found 0 plugins.
Preloading 0 native plugins for Editor in 0.00 ms.
Invoked RoslynAnalysisRunner static constructor.
RoslynAnalysisRunner will not be running.
RoslynAnalysisRunner has terminated.
Failed to find Mirror runtime assembly
UnityEngine.StackTraceUtility:ExtractStackTrace ()
UnityEngine.DebugLogHandler:LogFormat (UnityEngine.LogType,UnityEngine.Object,string,object[])
UnityEngine.Logger:Log (UnityEngine.LogType,object)
UnityEngine.Debug:LogError (object)
Mirror.Weaver.CompilationFinishedHook:OnCompilationFinished (string,UnityEditor.Compilation.CompilerMessage[]) (at Assets/Mirror/Editor/Weaver/CompilationFinishedHook.cs:116)
Mirror.Weaver.CompilationFinishedHook:WeaveExistingAssemblies () (at Assets/Mirror/Editor/Weaver/CompilationFinishedHook.cs:62)
Mirror.Weaver.CompilationFinishedHook:OnInitializeOnLoad () (at Assets/Mirror/Editor/Weaver/CompilationFinishedHook.cs:52)

(Filename: Assets/Mirror/Editor/Weaver/CompilationFinishedHook.cs Line: 116)

Failed to find Mirror runtime assembly
UnityEngine.StackTraceUtility:ExtractStackTrace ()
UnityEngine.DebugLogHandler:LogFormat (UnityEngine.LogType,UnityEngine.Object,string,object[])
UnityEngine.Logger:Log (UnityEngine.LogType,object)
UnityEngine.Debug:LogError (object)
Mirror.Weaver.CompilationFinishedHook:OnCompilationFinished (string,UnityEditor.Compilation.CompilerMessage[]) (at Assets/Mirror/Editor/Weaver/CompilationFinishedHook.cs:116)
Mirror.Weaver.CompilationFinishedHook:WeaveExistingAssemblies () (at Assets/Mirror/Editor/Weaver/CompilationFinishedHook.cs:62)
Mirror.Weaver.CompilationFinishedHook:OnInitializeOnLoad () (at Assets/Mirror/Editor/Weaver/CompilationFinishedHook.cs:52)

(Filename: Assets/Mirror/Editor/Weaver/CompilationFinishedHook.cs Line: 116)

[ScriptCompilation] NOT recompiling all scripts because this is an import worker process. Reason to compile was: Define symbols changed
Mono: successfully reloaded assembly
- Completed reload, in  0.957 seconds
Platform modules already initialized, skipping
Refreshing native plugins compatible for Editor in 0.27 ms, found 0 plugins.
Preloading 0 native plugins for Editor in 0.00 ms.
Unloading 1469 Unused Serialized files (Serialized files now loaded: 0)
System memory in use before: 71.6 MB.
System memory in use after: 71.7 MB.

Unloading 13 unused Assets to reduce memory usage. Loaded Objects now: 1918.
Total: 1.749000 ms (FindLiveObjects: 0.147900 ms CreateObjectMapping: 0.068800 ms MarkObjects: 1.438300 ms  DeleteObjects: 0.093300 ms)

========================================================================
Received Import Request.
  Time since last request: 260.690767 seconds.
  path: Assets/Sci-Fi Multiplayer/Scenes/Gameplay.unity
  artifactKey: Guid(5e7af4bd95ac53a4cb784a9eedf8f6f9) Importer(815301076,1909f56bfc062723c751e8b465ee728b)
Start importing Assets/Sci-Fi Multiplayer/Scenes/Gameplay.unity using Guid(5e7af4bd95ac53a4cb784a9eedf8f6f9) Importer(815301076,1909f56bfc062723c751e8b465ee728b)  -> (artifact id: '9383284b0606f175fd1ddbb22c5f5af8') in 0.017062 seconds
  Import took 0.019491 seconds .

