Using pre-set license
Built from '2020.2/release' branch; Version is '2020.2.2f1 (068178b99f32) revision 426360'; Using compiler version '192528614'; Build Type 'Release'
OS: 'Windows 10 Pro; OS build 19042.964; Version 2009; 64bit' Language: 'en' Physical Memory: 32645 MB
BatchMode: 1, IsHumanControllingUs: 0, StartBugReporterOnCrash: 0, Is64bit: 1, IsPro: 0

 COMMAND LINE ARGUMENTS:
C:\Program Files\Unity\Editor\Unity.exe
-adb2
-batchMode
-noUpm
-name
AssetImportWorker1
-projectPath
C:/Users/lalal/OneDrive - TAFE NSW/Diploma GIT/Multiplayer-Project
-logFile
Logs/AssetImportWorker1.log
-srvPort
55815
Successfully changed project path to: C:/Users/lalal/OneDrive - TAFE NSW/Diploma GIT/Multiplayer-Project
C:/Users/lalal/OneDrive - TAFE NSW/Diploma GIT/Multiplayer-Project
Using Asset Import Pipeline V2.
Refreshing native plugins compatible for Editor in 75.12 ms, found 0 plugins.
Preloading 0 native plugins for Editor in 0.00 ms.
Initialize engine version: 2020.2.2f1 (068178b99f32)
[Subsystems] Discovering subsystems at path C:/Program Files/Unity/Editor/Data/Resources/UnitySubsystems
[Subsystems] Discovering subsystems at path C:/Users/lalal/OneDrive - TAFE NSW/Diploma GIT/Multiplayer-Project/Assets
GfxDevice: creating device client; threaded=0
Direct3D:
    Version:  Direct3D 11.0 [level 11.1]
    Renderer: NVIDIA GeForce RTX 2070 with Max-Q Design (ID=0x1f50)
    Vendor:   
    VRAM:     8031 MB
    Driver:   27.21.14.6192
Initialize mono
Mono path[0] = 'C:/Program Files/Unity/Editor/Data/Managed'
Mono path[1] = 'C:/Program Files/Unity/Editor/Data/MonoBleedingEdge/lib/mono/unityjit'
Mono config path = 'C:/Program Files/Unity/Editor/Data/MonoBleedingEdge/etc'
Using monoOptions --debugger-agent=transport=dt_socket,embedding=1,server=y,suspend=n,address=127.0.0.1:56852
Begin MonoManager ReloadAssembly
Registering precompiled unity dll's ...
Register platform support module: C:/Program Files/Unity/Editor/Data/PlaybackEngines/WindowsStandaloneSupport/UnityEditor.WindowsStandalone.Extensions.dll
Registered in 0.003278 seconds.
Native extension for WindowsStandalone target not found
Refreshing native plugins compatible for Editor in 69.45 ms, found 0 plugins.
Preloading 0 native plugins for Editor in 0.00 ms.
Invoked RoslynAnalysisRunner static constructor.
RoslynAnalysisRunner will not be running.
RoslynAnalysisRunner has terminated.
Mono: successfully reloaded assembly
- Completed reload, in  2.548 seconds
Platform modules already initialized, skipping
Registering precompiled user dll's ...
Registered in 0.009539 seconds.
Begin MonoManager ReloadAssembly
Native extension for WindowsStandalone target not found
Refreshing native plugins compatible for Editor in 0.32 ms, found 0 plugins.
Preloading 0 native plugins for Editor in 0.00 ms.
Invoked RoslynAnalysisRunner static constructor.
RoslynAnalysisRunner will not be running.
RoslynAnalysisRunner has terminated.
Find all reader and writers took 245 milliseconds
Script Module: UnityEngine.UI.dll
Weave behaviours and messages took202 milliseconds
Find all reader and writers took 212 milliseconds
Script Module: UnityEngine.TestRunner.dll
Weave behaviours and messages took79 milliseconds
Find all reader and writers took 153 milliseconds
Script Module: SimpleWebTransport.dll
Weave behaviours and messages took16 milliseconds
Find all reader and writers took 155 milliseconds
Script Module: Unity.Timeline.dll
Weave behaviours and messages took73 milliseconds
Find all reader and writers took 154 milliseconds
Script Module: Mirror.Examples.dll
[Projectile] NetworkBehaviourProcessor
[Tank] NetworkBehaviourProcessor
[NetworkRoomPlayer] NetworkBehaviourProcessor
[NetworkRoomPlayerExt] NetworkBehaviourProcessor
[PlayerController] NetworkBehaviourProcessor
[PlayerScore] NetworkBehaviourProcessor
[RandomColor] NetworkBehaviourProcessor
[Reward] NetworkBehaviourProcessor
[AddForce] NetworkBehaviourProcessor
[Ball] NetworkBehaviourProcessor
[Player] NetworkBehaviourProcessor
[MatchController] NetworkBehaviourProcessor
[PhysicsCollision] NetworkBehaviourProcessor
[PlayerController] NetworkBehaviourProcessor
[PlayerScore] NetworkBehaviourProcessor
[RandomColor] NetworkBehaviourProcessor
[Reward] NetworkBehaviourProcessor
[Player] NetworkBehaviourProcessor
[MonsterMovement] NetworkBehaviourProcessor
[PlayerMovement] NetworkBehaviourProcessor
[Player] NetworkBehaviourProcessor
[PlayerController] NetworkBehaviourProcessor
[RandomColor] NetworkBehaviourProcessor
[ShootingTankBehaviour] NetworkBehaviourProcessor
Weave behaviours and messages took268 milliseconds
  ProcessSitesModule Mirror.Examples.dll elapsed time:00:00:00.0279247
Find all reader and writers took 179 milliseconds
Script Module: Mirror.Components.dll
[NetworkAnimator] NetworkBehaviourProcessor
[NetworkRoomPlayer] NetworkBehaviourProcessor
[NetworkLobbyPlayer] NetworkBehaviourProcessor
[NetworkVisibility] NetworkBehaviourProcessor
[NetworkVisibility] Found NetworkBehaviour Mirror.NetworkVisibility
[NetworkVisibility] Process Start
[NetworkVisibility]   GenerateSerialization
[NetworkVisibility]   GenerateDeSerialization
[NetworkVisibility] Process Done
[NetworkMatchChecker] NetworkBehaviourProcessor
[NetworkVisibility] NetworkBehaviourProcessor
[NetworkOwnerChecker] NetworkBehaviourProcessor
[NetworkVisibility] NetworkBehaviourProcessor
[NetworkProximityChecker] NetworkBehaviourProcessor
[NetworkRoomPlayer] NetworkBehaviourProcessor
[NetworkVisibility] NetworkBehaviourProcessor
[NetworkSceneChecker] NetworkBehaviourProcessor
[NetworkTransformBase] NetworkBehaviourProcessor
[NetworkTransform] NetworkBehaviourProcessor
[NetworkTransformBase] NetworkBehaviourProcessor
[NetworkTransformBase] NetworkBehaviourProcessor
[NetworkTransformChild] NetworkBehaviourProcessor
[NetworkLerpRigidbody] NetworkBehaviourProcessor
[NetworkRigidbody] NetworkBehaviourProcessor
[NetworkRigidbody2D] NetworkBehaviourProcessor
[NetworkTransformBase] NetworkBehaviourProcessor
[NetworkTransform] NetworkBehaviourProcessor
[NetworkTransformBase] NetworkBehaviourProcessor
[NetworkTransformBase] NetworkBehaviourProcessor
[NetworkTransformChild] NetworkBehaviourProcessor
Weave behaviours and messages took238 milliseconds
  ProcessSitesModule Mirror.Components.dll elapsed time:00:00:00.0349066
Find all reader and writers took 182 milliseconds
Script Module: Mirror.Tests.Common.dll
Weave behaviours and messages took4 milliseconds
Find all reader and writers took 172 milliseconds
Script Module: Unity.TextMeshPro.dll
Weave behaviours and messages took236 milliseconds
Find all reader and writers took 135 milliseconds
Script Module: Mirror.Tests.Runtime.dll
Weave behaviours and messages took17 milliseconds
Find all reader and writers took 134 milliseconds
Script Module: Telepathy.dll
Weave behaviours and messages took6 milliseconds
Find all reader and writers took 160 milliseconds
Script Module: Mirror.Authenticators.dll
Weave behaviours and messages took53 milliseconds
  ProcessSitesModule Mirror.Authenticators.dll elapsed time:00:00:00.0029395
Find all reader and writers took 156 milliseconds
Script Module: kcp2k.dll
Weave behaviours and messages took18 milliseconds
Find all reader and writers took 176 milliseconds
Script Module: Assembly-CSharp.dll
[BattlecarsPlayerNet] NetworkBehaviourProcessor
Weave behaviours and messages took26 milliseconds
  ProcessSitesModule Assembly-CSharp.dll elapsed time:00:00:00.0009976
Find all reader and writers took 155 milliseconds
Script Module: Mirror.Examples.Cloud.GUI.dll
Weave behaviours and messages took7 milliseconds
Find all reader and writers took 160 milliseconds
Script Module: Mirror.Cloud.dll
Weave behaviours and messages took11 milliseconds
Find all reader and writers took 181 milliseconds
Script Module: Mirror.Examples.Cloud.Pong.dll
[Ball] NetworkBehaviourProcessor
[BallManager] NetworkBehaviourProcessor
[Player] NetworkBehaviourProcessor
Weave behaviours and messages took25 milliseconds
  ProcessSitesModule Mirror.Examples.Cloud.Pong.dll elapsed time:00:00:00.0009969
Find all reader and writers took 137 milliseconds
Script Module: Mirror.Tests.Performance.Runtime.dll
Weave behaviours and messages took0 milliseconds
Find all reader and writers took 216 milliseconds
Script Module: UnityEditor.TestRunner.dll
Weave behaviours and messages took117 milliseconds
Find all reader and writers took 162 milliseconds
Script Module: UnityEditor.UI.dll
Weave behaviours and messages took25 milliseconds
Find all reader and writers took 170 milliseconds
Script Module: Mirror.Tests.dll
[EmptyBehaviour] NetworkBehaviourProcessor
[SyncVarGameObjectEqualExposedBehaviour] NetworkBehaviourProcessor
[SyncVarNetworkIdentityEqualExposedBehaviour] NetworkBehaviourProcessor
[NetworkBehaviourSendCommandInternalComponent] NetworkBehaviourProcessor
[NetworkBehaviourSendRPCInternalComponent] NetworkBehaviourProcessor
[NetworkBehaviourSendTargetRPCInternalComponent] NetworkBehaviourProcessor
[NetworkBehaviourDelegateComponent] NetworkBehaviourProcessor
[NetworkBehaviourSetSyncVarGameObjectComponent] NetworkBehaviourProcessor
[NetworkBehaviourGetSyncVarGameObjectComponent] NetworkBehaviourProcessor
[NetworkBehaviourSetSyncVarNetworkIdentityComponent] NetworkBehaviourProcessor
[NetworkBehaviourGetSyncVarNetworkIdentityComponent] NetworkBehaviourProcessor
[NetworkBehaviourInitSyncObjectExposed] NetworkBehaviourProcessor
[OnStopClientComponent] NetworkBehaviourProcessor
[OnStartClientComponent] NetworkBehaviourProcessor
[OnStartLocalPlayerComponent] NetworkBehaviourProcessor
[NetworkBehaviourHookGuardTester] NetworkBehaviourProcessor
[NetworkBehaviourInitSyncObjectTester] NetworkBehaviourProcessor
[CommandTestNetworkBehaviour] NetworkBehaviourProcessor
[RpcTestNetworkBehaviour] NetworkBehaviourProcessor
[OnStartClientTestNetworkBehaviour] NetworkBehaviourProcessor
[OnStopClientTestNetworkBehaviour] NetworkBehaviourProcessor
[TestObjectBehaviour] NetworkBehaviourProcessor
[TestPlayerBehaviour] NetworkBehaviourProcessor
[HookBehaviour] NetworkBehaviourProcessor
[GameObjectHookBehaviour] NetworkBehaviourProcessor
[NetworkIdentityHookBehaviour] NetworkBehaviourProcessor
[NetworkBehaviourHookBehaviour] NetworkBehaviourProcessor
[StaticHookBehaviour] NetworkBehaviourProcessor
[VirtualHookBase] NetworkBehaviourProcessor
[VirtualHookBase] NetworkBehaviourProcessor
[VirtualOverrideHook] NetworkBehaviourProcessor
[AbstractHookBase] NetworkBehaviourProcessor
[AbstractHookBase] NetworkBehaviourProcessor
[AbstractHook] NetworkBehaviourProcessor
[MockPlayer] NetworkBehaviourProcessor
[SyncVarGameObject] NetworkBehaviourProcessor
[SyncVarNetworkIdentity] NetworkBehaviourProcessor
[SyncVarTransform] NetworkBehaviourProcessor
[SyncVarNetworkBehaviour] NetworkBehaviourProcessor
[AbstractBehaviour] NetworkBehaviourProcessor
[BehaviourWithSyncVar] NetworkBehaviourProcessor
[AbstractBehaviour] NetworkBehaviourProcessor
[OverrideBehaviourFromSyncVar] NetworkBehaviourProcessor
[AbstractBehaviour] NetworkBehaviourProcessor
[OverrideBehaviourWithSyncVarFromSyncVar] NetworkBehaviourProcessor
[AbstractBehaviour] NetworkBehaviourProcessor
[MiddleClass] NetworkBehaviourProcessor
[AbstractBehaviour] NetworkBehaviourProcessor
[MiddleClass] NetworkBehaviourProcessor
[SubClass] NetworkBehaviourProcessor
[AbstractBehaviour] NetworkBehaviourProcessor
[MiddleClassWithSyncVar] NetworkBehaviourProcessor
[AbstractBehaviour] NetworkBehaviourProcessor
[MiddleClassWithSyncVar] NetworkBehaviourProcessor
[SubClassFromSyncVar] NetworkBehaviourProcessor
[BehaviourWithSyncVarWithOnSerialize] NetworkBehaviourProcessor
[AbstractBehaviour] NetworkBehaviourProcessor
[OverrideBehaviourFromSyncVarWithOnSerialize] NetworkBehaviourProcessor
[AbstractBehaviour] NetworkBehaviourProcessor
[OverrideBehaviourWithSyncVarFromSyncVarWithOnSerialize] NetworkBehaviourProcessor
[AttributeBehaviour_NetworkBehaviour] NetworkBehaviourProcessor
[DataSenderBehaviour] NetworkBehaviourProcessor
[PayloadTestBehaviour] NetworkBehaviourProcessor
[BehaviourWithEvents] NetworkBehaviourProcessor
[VirtualClientRpc] NetworkBehaviourProcessor
[VirtualClientRpc] NetworkBehaviourProcessor
[VirtualNoOverrideClientRpc] NetworkBehaviourProcessor
[VirtualClientRpc] NetworkBehaviourProcessor
[VirtualOverrideClientRpc] NetworkBehaviourProcessor
[VirtualClientRpc] NetworkBehaviourProcessor
[VirtualOverrideClientRpcWithBase] NetworkBehaviourProcessor
[ClientRpcBehaviour] NetworkBehaviourProcessor
[ExcludeOwnerBehaviour] NetworkBehaviourProcessor
[VirtualCommand] NetworkBehaviourProcessor
[VirtualCommand] NetworkBehaviourProcessor
[VirtualNoOverrideCommand] NetworkBehaviourProcessor
[VirtualCommand] NetworkBehaviourProcessor
[VirtualOverrideCommand] NetworkBehaviourProcessor
[VirtualCommand] NetworkBehaviourProcessor
[VirtualOverrideCommandWithBase] NetworkBehaviourProcessor
[VirtualCommand] NetworkBehaviourProcessor
[VirtualOverrideCommandWithBase] NetworkBehaviourProcessor
[VirtualOverrideCommandWithBase2] NetworkBehaviourProcessor
[AuthorityBehaviour] NetworkBehaviourProcessor
[IgnoreAuthorityBehaviour] NetworkBehaviourProcessor
[SenderConnectionBehaviour] NetworkBehaviourProcessor
[SenderConnectionIgnoreAuthorityBehaviour] NetworkBehaviourProcessor
[ThrowBehaviour] NetworkBehaviourProcessor
[RpcNetworkIdentityBehaviour] NetworkBehaviourProcessor
[VirtualTargetRpc] NetworkBehaviourProcessor
[VirtualTargetRpc] NetworkBehaviourProcessor
[VirtualNoOverrideTargetRpc] NetworkBehaviourProcessor
[VirtualTargetRpc] NetworkBehaviourProcessor
[VirtualOverrideTargetRpc] NetworkBehaviourProcessor
[VirtualTargetRpc] NetworkBehaviourProcessor
[VirtualOverrideTargetRpcWithBase] NetworkBehaviourProcessor
[TargetRpcBehaviour] NetworkBehaviourProcessor
Weave behaviours and messages took297 milliseconds
  ProcessSitesModule Mirror.Tests.dll elapsed time:00:00:00.0149625
Find all reader and writers took 136 milliseconds
Script Module: WeaverTestExtraAssembly.dll
Weave behaviours and messages took13 milliseconds
  ProcessSitesModule WeaverTestExtraAssembly.dll elapsed time:00:00:00.0009978
Find all reader and writers took 137 milliseconds
Script Module: Mirror.CompilerSymbols.dll
Weave behaviours and messages took0 milliseconds
Mono: successfully reloaded assembly
- Completed reload, in 14.028 seconds
Platform modules already initialized, skipping
========================================================================
Worker process is ready to serve import requests
Launched and connected shader compiler UnityShaderCompiler.exe after 0.09 seconds
Refreshing native plugins compatible for Editor in 0.28 ms, found 0 plugins.
Preloading 0 native plugins for Editor in 0.00 ms.
Unloading 1494 Unused Serialized files (Serialized files now loaded: 0)
System memory in use before: 70.5 MB.
System memory in use after: 70.6 MB.

Unloading 17 unused Assets to reduce memory usage. Loaded Objects now: 1930.
Total: 3.609200 ms (FindLiveObjects: 0.240600 ms CreateObjectMapping: 0.067700 ms MarkObjects: 3.216500 ms  DeleteObjects: 0.083200 ms)

========================================================================
Received Import Request.
  path: Assets/Multiplayer Battlecars/Scripts/UI/Lobby.cs
  artifactKey: Guid(771ace5d501983447b20fd8058fb1396) Importer(815301076,1909f56bfc062723c751e8b465ee728b)
Start importing Assets/Multiplayer Battlecars/Scripts/UI/Lobby.cs using Guid(771ace5d501983447b20fd8058fb1396) Importer(815301076,1909f56bfc062723c751e8b465ee728b)  -> (artifact id: '98c0dd8618d08d7c59160d8639a1b581') in 0.038138 seconds
  Import took 0.040810 seconds .

========================================================================
Received Import Request.
  Time since last request: 51.127673 seconds.
  path: Assets/Multiplayer Battlecars/Scripts/UI/Lobby.cs
  artifactKey: Guid(771ace5d501983447b20fd8058fb1396) Importer(815301076,1909f56bfc062723c751e8b465ee728b)
Start importing Assets/Multiplayer Battlecars/Scripts/UI/Lobby.cs using Guid(771ace5d501983447b20fd8058fb1396) Importer(815301076,1909f56bfc062723c751e8b465ee728b)  -> (artifact id: 'a3dc1fec5f8a62ea48ed9ee1afe862c1') in 0.007363 seconds
  Import took 0.010172 seconds .

========================================================================
Received Import Request.
  Time since last request: 0.004028 seconds.
  path: Assets/Multiplayer Battlecars/Scripts/UI/Lobby.cs
  artifactKey: Guid(771ace5d501983447b20fd8058fb1396) Importer(815301076,1909f56bfc062723c751e8b465ee728b)
Start importing Assets/Multiplayer Battlecars/Scripts/UI/Lobby.cs using Guid(771ace5d501983447b20fd8058fb1396) Importer(815301076,1909f56bfc062723c751e8b465ee728b)  -> (artifact id: 'a3dc1fec5f8a62ea48ed9ee1afe862c1') in 0.002951 seconds
  Import took 0.005515 seconds .

========================================================================
Received Import Request.
  Time since last request: 23.974119 seconds.
  path: Assets/Multiplayer Battlecars/Scripts/UI/Lobby.cs
  artifactKey: Guid(771ace5d501983447b20fd8058fb1396) Importer(815301076,1909f56bfc062723c751e8b465ee728b)
Start importing Assets/Multiplayer Battlecars/Scripts/UI/Lobby.cs using Guid(771ace5d501983447b20fd8058fb1396) Importer(815301076,1909f56bfc062723c751e8b465ee728b)  -> (artifact id: 'abeec130227a23ad29d84784fd024491') in 0.008345 seconds
  Import took 0.011324 seconds .

========================================================================
Received Import Request.
  Time since last request: 0.002277 seconds.
  path: Assets/Multiplayer Battlecars/Scripts/UI/Lobby.cs
  artifactKey: Guid(771ace5d501983447b20fd8058fb1396) Importer(815301076,1909f56bfc062723c751e8b465ee728b)
Start importing Assets/Multiplayer Battlecars/Scripts/UI/Lobby.cs using Guid(771ace5d501983447b20fd8058fb1396) Importer(815301076,1909f56bfc062723c751e8b465ee728b)  -> (artifact id: 'abeec130227a23ad29d84784fd024491') in 0.003081 seconds
  Import took 0.005633 seconds .

========================================================================
Received Prepare
Registering precompiled user dll's ...
Registered in 0.005130 seconds.
Begin MonoManager ReloadAssembly
Native extension for WindowsStandalone target not found
Refreshing native plugins compatible for Editor in 0.28 ms, found 0 plugins.
Preloading 0 native plugins for Editor in 0.00 ms.
Invoked RoslynAnalysisRunner static constructor.
RoslynAnalysisRunner will not be running.
RoslynAnalysisRunner has terminated.
Mono: successfully reloaded assembly
- Completed reload, in  0.911 seconds
Platform modules already initialized, skipping
Refreshing native plugins compatible for Editor in 0.51 ms, found 0 plugins.
Preloading 0 native plugins for Editor in 0.00 ms.
Unloading 1475 Unused Serialized files (Serialized files now loaded: 0)
System memory in use before: 69.8 MB.
System memory in use after: 69.9 MB.

Unloading 12 unused Assets to reduce memory usage. Loaded Objects now: 1932.
Total: 1.867600 ms (FindLiveObjects: 0.266100 ms CreateObjectMapping: 0.089900 ms MarkObjects: 1.489200 ms  DeleteObjects: 0.021300 ms)

========================================================================
Received Import Request.
  Time since last request: 124.020637 seconds.
  path: Assets/Multiplayer Battlecars/Scripts/UI/DiscoGame.cs
  artifactKey: Guid(e93fc37195c0eb34daa0bc4b4863fd87) Importer(815301076,1909f56bfc062723c751e8b465ee728b)
Start importing Assets/Multiplayer Battlecars/Scripts/UI/DiscoGame.cs using Guid(e93fc37195c0eb34daa0bc4b4863fd87) Importer(815301076,1909f56bfc062723c751e8b465ee728b)  -> (artifact id: '4605570f47ebf3708402aab35d463ace') in 0.010157 seconds
  Import took 0.013029 seconds .

========================================================================
Received Import Request.
  Time since last request: 0.006792 seconds.
  path: Assets/Multiplayer Battlecars/Scripts/UI/DiscoGame.cs
  artifactKey: Guid(e93fc37195c0eb34daa0bc4b4863fd87) Importer(815301076,1909f56bfc062723c751e8b465ee728b)
Start importing Assets/Multiplayer Battlecars/Scripts/UI/DiscoGame.cs using Guid(e93fc37195c0eb34daa0bc4b4863fd87) Importer(815301076,1909f56bfc062723c751e8b465ee728b)  -> (artifact id: '4605570f47ebf3708402aab35d463ace') in 0.003513 seconds
  Import took 0.005885 seconds .

========================================================================
Received Prepare
Registering precompiled user dll's ...
Registered in 0.006889 seconds.
Begin MonoManager ReloadAssembly
Native extension for WindowsStandalone target not found
Refreshing native plugins compatible for Editor in 0.29 ms, found 0 plugins.
Preloading 0 native plugins for Editor in 0.00 ms.
Invoked RoslynAnalysisRunner static constructor.
RoslynAnalysisRunner will not be running.
RoslynAnalysisRunner has terminated.
Mono: successfully reloaded assembly
- Completed reload, in  0.891 seconds
Platform modules already initialized, skipping
Refreshing native plugins compatible for Editor in 0.36 ms, found 0 plugins.
Preloading 0 native plugins for Editor in 0.00 ms.
Unloading 1475 Unused Serialized files (Serialized files now loaded: 0)
System memory in use before: 70.0 MB.
System memory in use after: 70.1 MB.

Unloading 12 unused Assets to reduce memory usage. Loaded Objects now: 1934.
Total: 1.887100 ms (FindLiveObjects: 0.259200 ms CreateObjectMapping: 0.080000 ms MarkObjects: 1.530400 ms  DeleteObjects: 0.016300 ms)

========================================================================
Received Import Request.
  Time since last request: 68.202514 seconds.
  path: Assets/Multiplayer Battlecars/Scripts/UI/DiscoGame.cs
  artifactKey: Guid(e93fc37195c0eb34daa0bc4b4863fd87) Importer(815301076,1909f56bfc062723c751e8b465ee728b)
Start importing Assets/Multiplayer Battlecars/Scripts/UI/DiscoGame.cs using Guid(e93fc37195c0eb34daa0bc4b4863fd87) Importer(815301076,1909f56bfc062723c751e8b465ee728b)  -> (artifact id: '1a5f358d8675a607f1c7cc74a69cc920') in 0.007949 seconds
  Import took 0.010197 seconds .

========================================================================
Received Prepare
Registering precompiled user dll's ...
Registered in 0.005792 seconds.
Begin MonoManager ReloadAssembly
Native extension for WindowsStandalone target not found
Refreshing native plugins compatible for Editor in 0.31 ms, found 0 plugins.
Preloading 0 native plugins for Editor in 0.00 ms.
Invoked RoslynAnalysisRunner static constructor.
RoslynAnalysisRunner will not be running.
RoslynAnalysisRunner has terminated.
Mono: successfully reloaded assembly
- Completed reload, in  0.861 seconds
Platform modules already initialized, skipping
Refreshing native plugins compatible for Editor in 0.28 ms, found 0 plugins.
Preloading 0 native plugins for Editor in 0.00 ms.
Unloading 1475 Unused Serialized files (Serialized files now loaded: 0)
System memory in use before: 70.7 MB.
System memory in use after: 70.8 MB.

Unloading 12 unused Assets to reduce memory usage. Loaded Objects now: 1936.
Total: 1.899200 ms (FindLiveObjects: 0.210200 ms CreateObjectMapping: 0.064200 ms MarkObjects: 1.606400 ms  DeleteObjects: 0.017300 ms)

========================================================================
Received Prepare
Registering precompiled user dll's ...
Registered in 0.004822 seconds.
Begin MonoManager ReloadAssembly
Native extension for WindowsStandalone target not found
Refreshing native plugins compatible for Editor in 0.29 ms, found 0 plugins.
Preloading 0 native plugins for Editor in 0.00 ms.
Invoked RoslynAnalysisRunner static constructor.
RoslynAnalysisRunner will not be running.
RoslynAnalysisRunner has terminated.
Mono: successfully reloaded assembly
- Completed reload, in  0.858 seconds
Platform modules already initialized, skipping
Refreshing native plugins compatible for Editor in 0.33 ms, found 0 plugins.
Preloading 0 native plugins for Editor in 0.00 ms.
Unloading 1475 Unused Serialized files (Serialized files now loaded: 0)
System memory in use before: 71.0 MB.
System memory in use after: 71.1 MB.

Unloading 12 unused Assets to reduce memory usage. Loaded Objects now: 1938.
Total: 1.750400 ms (FindLiveObjects: 0.164200 ms CreateObjectMapping: 0.044600 ms MarkObjects: 1.524300 ms  DeleteObjects: 0.016300 ms)

========================================================================
Received Import Request.
  Time since last request: 792.316628 seconds.
  path: Assets/Multiplayer Battlecars/Scripts/UI/DiscoGame.cs
  artifactKey: Guid(e93fc37195c0eb34daa0bc4b4863fd87) Importer(815301076,1909f56bfc062723c751e8b465ee728b)
Start importing Assets/Multiplayer Battlecars/Scripts/UI/DiscoGame.cs using Guid(e93fc37195c0eb34daa0bc4b4863fd87) Importer(815301076,1909f56bfc062723c751e8b465ee728b)  -> (artifact id: 'ffd40e39e57bb171f4cb29847f1cd5fa') in 0.011481 seconds
  Import took 0.014653 seconds .

========================================================================
Received Prepare
Registering precompiled user dll's ...
Registered in 0.005776 seconds.
Begin MonoManager ReloadAssembly
Native extension for WindowsStandalone target not found
Refreshing native plugins compatible for Editor in 0.29 ms, found 0 plugins.
Preloading 0 native plugins for Editor in 0.00 ms.
Invoked RoslynAnalysisRunner static constructor.
RoslynAnalysisRunner will not be running.
RoslynAnalysisRunner has terminated.
Mono: successfully reloaded assembly
- Completed reload, in  0.856 seconds
Platform modules already initialized, skipping
Refreshing native plugins compatible for Editor in 0.39 ms, found 0 plugins.
Preloading 0 native plugins for Editor in 0.00 ms.
Unloading 1475 Unused Serialized files (Serialized files now loaded: 0)
System memory in use before: 70.6 MB.
System memory in use after: 70.7 MB.

Unloading 12 unused Assets to reduce memory usage. Loaded Objects now: 1940.
Total: 2.095500 ms (FindLiveObjects: 0.152100 ms CreateObjectMapping: 0.074500 ms MarkObjects: 1.838900 ms  DeleteObjects: 0.029000 ms)

========================================================================
Received Prepare
Registering precompiled user dll's ...
Registered in 0.005487 seconds.
Begin MonoManager ReloadAssembly
Native extension for WindowsStandalone target not found
Refreshing native plugins compatible for Editor in 0.32 ms, found 0 plugins.
Preloading 0 native plugins for Editor in 0.00 ms.
Invoked RoslynAnalysisRunner static constructor.
RoslynAnalysisRunner will not be running.
RoslynAnalysisRunner has terminated.
Mono: successfully reloaded assembly
- Completed reload, in  0.854 seconds
Platform modules already initialized, skipping
Refreshing native plugins compatible for Editor in 0.28 ms, found 0 plugins.
Preloading 0 native plugins for Editor in 0.00 ms.
Unloading 1475 Unused Serialized files (Serialized files now loaded: 0)
System memory in use before: 71.0 MB.
System memory in use after: 71.1 MB.

Unloading 12 unused Assets to reduce memory usage. Loaded Objects now: 1942.
Total: 1.768500 ms (FindLiveObjects: 0.186800 ms CreateObjectMapping: 0.046600 ms MarkObjects: 1.516200 ms  DeleteObjects: 0.017400 ms)

========================================================================
Received Import Request.
  Time since last request: 160.974351 seconds.
  path: Assets/Multiplayer Battlecars/Scenes/Offline.unity
  artifactKey: Guid(376211f13baa2c04d8028e52b853ed98) Importer(815301076,1909f56bfc062723c751e8b465ee728b)
Start importing Assets/Multiplayer Battlecars/Scenes/Offline.unity using Guid(376211f13baa2c04d8028e52b853ed98) Importer(815301076,1909f56bfc062723c751e8b465ee728b)  -> (artifact id: 'ed27780c76c4d15aeff97c7666bb7c33') in 0.019637 seconds
  Import took 0.022395 seconds .

========================================================================
Received Import Request.
  Time since last request: 40.117871 seconds.
  path: Assets/Multiplayer Battlecars/Scenes/Layout - Match Settings.prefab
  artifactKey: Guid(d6c0fc75594678e499d06d77b1f5057d) Importer(815301076,1909f56bfc062723c751e8b465ee728b)
Start importing Assets/Multiplayer Battlecars/Scenes/Layout - Match Settings.prefab using Guid(d6c0fc75594678e499d06d77b1f5057d) Importer(815301076,1909f56bfc062723c751e8b465ee728b)  -> (artifact id: '16e523a1e6a28cbf8771c0e2fe6d2e99') in 0.198853 seconds
  Import took 0.201664 seconds .

========================================================================
Received Prepare
Registering precompiled user dll's ...
Registered in 0.004921 seconds.
Begin MonoManager ReloadAssembly
Native extension for WindowsStandalone target not found
Refreshing native plugins compatible for Editor in 0.47 ms, found 0 plugins.
Preloading 0 native plugins for Editor in 0.00 ms.
Invoked RoslynAnalysisRunner static constructor.
RoslynAnalysisRunner will not be running.
RoslynAnalysisRunner has terminated.
Mono: successfully reloaded assembly
- Completed reload, in  0.911 seconds
Platform modules already initialized, skipping
Refreshing native plugins compatible for Editor in 0.29 ms, found 0 plugins.
Preloading 0 native plugins for Editor in 0.00 ms.
Unloading 1475 Unused Serialized files (Serialized files now loaded: 0)
System memory in use before: 70.8 MB.
System memory in use after: 70.9 MB.

Unloading 16 unused Assets to reduce memory usage. Loaded Objects now: 1944.
Total: 1.742300 ms (FindLiveObjects: 0.155500 ms CreateObjectMapping: 0.041800 ms MarkObjects: 1.514100 ms  DeleteObjects: 0.029600 ms)

========================================================================
Received Prepare
Registering precompiled user dll's ...
Registered in 0.005729 seconds.
Begin MonoManager ReloadAssembly
Native extension for WindowsStandalone target not found
Refreshing native plugins compatible for Editor in 0.30 ms, found 0 plugins.
Preloading 0 native plugins for Editor in 0.00 ms.
Invoked RoslynAnalysisRunner static constructor.
RoslynAnalysisRunner will not be running.
RoslynAnalysisRunner has terminated.
Mono: successfully reloaded assembly
- Completed reload, in  0.882 seconds
Platform modules already initialized, skipping
Refreshing native plugins compatible for Editor in 0.28 ms, found 0 plugins.
Preloading 0 native plugins for Editor in 0.00 ms.
Unloading 1475 Unused Serialized files (Serialized files now loaded: 0)
System memory in use before: 71.3 MB.
System memory in use after: 71.4 MB.

Unloading 12 unused Assets to reduce memory usage. Loaded Objects now: 1946.
Total: 1.828200 ms (FindLiveObjects: 0.155800 ms CreateObjectMapping: 0.079500 ms MarkObjects: 1.575500 ms  DeleteObjects: 0.016600 ms)

========================================================================
Received Prepare
Registering precompiled user dll's ...
Registered in 0.004778 seconds.
Begin MonoManager ReloadAssembly
Native extension for WindowsStandalone target not found
Refreshing native plugins compatible for Editor in 0.28 ms, found 0 plugins.
Preloading 0 native plugins for Editor in 0.00 ms.
Invoked RoslynAnalysisRunner static constructor.
RoslynAnalysisRunner will not be running.
RoslynAnalysisRunner has terminated.
Mono: successfully reloaded assembly
- Completed reload, in  0.887 seconds
Platform modules already initialized, skipping
Refreshing native plugins compatible for Editor in 0.29 ms, found 0 plugins.
Preloading 0 native plugins for Editor in 0.00 ms.
Unloading 1475 Unused Serialized files (Serialized files now loaded: 0)
System memory in use before: 71.4 MB.
System memory in use after: 71.5 MB.

Unloading 12 unused Assets to reduce memory usage. Loaded Objects now: 1948.
Total: 2.049600 ms (FindLiveObjects: 0.224700 ms CreateObjectMapping: 0.116000 ms MarkObjects: 1.690800 ms  DeleteObjects: 0.017200 ms)

========================================================================
Received Prepare
Registering precompiled user dll's ...
Registered in 0.006282 seconds.
Begin MonoManager ReloadAssembly
Native extension for WindowsStandalone target not found
Refreshing native plugins compatible for Editor in 0.35 ms, found 0 plugins.
Preloading 0 native plugins for Editor in 0.00 ms.
Invoked RoslynAnalysisRunner static constructor.
RoslynAnalysisRunner will not be running.
RoslynAnalysisRunner has terminated.
Mono: successfully reloaded assembly
- Completed reload, in  0.867 seconds
Platform modules already initialized, skipping
Refreshing native plugins compatible for Editor in 0.28 ms, found 0 plugins.
Preloading 0 native plugins for Editor in 0.00 ms.
Unloading 1475 Unused Serialized files (Serialized files now loaded: 0)
System memory in use before: 71.1 MB.
System memory in use after: 71.2 MB.

Unloading 12 unused Assets to reduce memory usage. Loaded Objects now: 1950.
Total: 1.896500 ms (FindLiveObjects: 0.251900 ms CreateObjectMapping: 0.096800 ms MarkObjects: 1.528300 ms  DeleteObjects: 0.018500 ms)

AssetImportWorkerClient::OnTransportError - code=2 error=End of file
