Using pre-set license
Built from '2020.2/release' branch; Version is '2020.2.2f1 (068178b99f32) revision 426360'; Using compiler version '192528614'; Build Type 'Release'
OS: 'Windows 10 Pro; OS build 19042.964; Version 2009; 64bit' Language: 'en' Physical Memory: 32645 MB
BatchMode: 1, IsHumanControllingUs: 0, StartBugReporterOnCrash: 0, Is64bit: 1, IsPro: 0

 COMMAND LINE ARGUMENTS:
C:\Program Files\Unity\Editor\Unity.exe
-adb2
-batchMode
-noUpm
-name
AssetImportWorker69
-projectPath
C:/Users/lalal/OneDrive - TAFE NSW/Diploma GIT/Multiplayer-Project
-logFile
Logs/AssetImportWorker69.log
-srvPort
63457
Successfully changed project path to: C:/Users/lalal/OneDrive - TAFE NSW/Diploma GIT/Multiplayer-Project
C:/Users/lalal/OneDrive - TAFE NSW/Diploma GIT/Multiplayer-Project
Using Asset Import Pipeline V2.
Refreshing native plugins compatible for Editor in 77.92 ms, found 0 plugins.
Preloading 0 native plugins for Editor in 0.00 ms.
Initialize engine version: 2020.2.2f1 (068178b99f32)
[Subsystems] Discovering subsystems at path C:/Program Files/Unity/Editor/Data/Resources/UnitySubsystems
[Subsystems] Discovering subsystems at path C:/Users/lalal/OneDrive - TAFE NSW/Diploma GIT/Multiplayer-Project/Assets
GfxDevice: creating device client; threaded=0
Direct3D:
    Version:  Direct3D 11.0 [level 11.1]
    Renderer: NVIDIA GeForce RTX 2070 with Max-Q Design (ID=0x1f50)
    Vendor:   
    VRAM:     8031 MB
    Driver:   27.21.14.6192
Initialize mono
Mono path[0] = 'C:/Program Files/Unity/Editor/Data/Managed'
Mono path[1] = 'C:/Program Files/Unity/Editor/Data/MonoBleedingEdge/lib/mono/unityjit'
Mono config path = 'C:/Program Files/Unity/Editor/Data/MonoBleedingEdge/etc'
Using monoOptions --debugger-agent=transport=dt_socket,embedding=1,server=y,suspend=n,address=127.0.0.1:56064
Begin MonoManager ReloadAssembly
Registering precompiled unity dll's ...
Register platform support module: C:/Program Files/Unity/Editor/Data/PlaybackEngines/WindowsStandaloneSupport/UnityEditor.WindowsStandalone.Extensions.dll
Registered in 0.015282 seconds.
Native extension for WindowsStandalone target not found
Refreshing native plugins compatible for Editor in 40.81 ms, found 0 plugins.
Preloading 0 native plugins for Editor in 0.00 ms.
Invoked RoslynAnalysisRunner static constructor.
RoslynAnalysisRunner will not be running.
RoslynAnalysisRunner has terminated.
Mono: successfully reloaded assembly
- Completed reload, in  4.484 seconds
Platform modules already initialized, skipping
Registering precompiled user dll's ...
Registered in 0.004990 seconds.
Begin MonoManager ReloadAssembly
Native extension for WindowsStandalone target not found
Refreshing native plugins compatible for Editor in 0.29 ms, found 0 plugins.
Preloading 0 native plugins for Editor in 0.00 ms.
Invoked RoslynAnalysisRunner static constructor.
RoslynAnalysisRunner will not be running.
RoslynAnalysisRunner has terminated.
Find all reader and writers took 276 milliseconds
Script Module: UnityEngine.UI.dll
Weave behaviours and messages took210 milliseconds
Find all reader and writers took 137 milliseconds
Script Module: UnityEngine.TestRunner.dll
Weave behaviours and messages took51 milliseconds
Find all reader and writers took 132 milliseconds
Script Module: SimpleWebTransport.dll
Weave behaviours and messages took30 milliseconds
Find all reader and writers took 126 milliseconds
Script Module: Unity.Timeline.dll
Weave behaviours and messages took61 milliseconds
Find all reader and writers took 140 milliseconds
Script Module: Mirror.Examples.dll
[Projectile] NetworkBehaviourProcessor
[Tank] NetworkBehaviourProcessor
[NetworkRoomPlayer] NetworkBehaviourProcessor
[NetworkRoomPlayerExt] NetworkBehaviourProcessor
[PlayerController] NetworkBehaviourProcessor
[PlayerScore] NetworkBehaviourProcessor
[RandomColor] NetworkBehaviourProcessor
[Reward] NetworkBehaviourProcessor
[AddForce] NetworkBehaviourProcessor
[Ball] NetworkBehaviourProcessor
[Player] NetworkBehaviourProcessor
[MatchController] NetworkBehaviourProcessor
[PhysicsCollision] NetworkBehaviourProcessor
[PlayerController] NetworkBehaviourProcessor
[PlayerScore] NetworkBehaviourProcessor
[RandomColor] NetworkBehaviourProcessor
[Reward] NetworkBehaviourProcessor
[Player] NetworkBehaviourProcessor
[MonsterMovement] NetworkBehaviourProcessor
[PlayerMovement] NetworkBehaviourProcessor
[Player] NetworkBehaviourProcessor
[PlayerController] NetworkBehaviourProcessor
[RandomColor] NetworkBehaviourProcessor
[ShootingTankBehaviour] NetworkBehaviourProcessor
Weave behaviours and messages took209 milliseconds
  ProcessSitesModule Mirror.Examples.dll elapsed time:00:00:00.0209439
Find all reader and writers took 131 milliseconds
Script Module: Mirror.Components.dll
[NetworkAnimator] NetworkBehaviourProcessor
[NetworkRoomPlayer] NetworkBehaviourProcessor
[NetworkLobbyPlayer] NetworkBehaviourProcessor
[NetworkVisibility] NetworkBehaviourProcessor
[NetworkVisibility] Found NetworkBehaviour Mirror.NetworkVisibility
[NetworkVisibility] Process Start
[NetworkVisibility]   GenerateSerialization
[NetworkVisibility]   GenerateDeSerialization
[NetworkVisibility] Process Done
[NetworkMatchChecker] NetworkBehaviourProcessor
[NetworkVisibility] NetworkBehaviourProcessor
[NetworkOwnerChecker] NetworkBehaviourProcessor
[NetworkVisibility] NetworkBehaviourProcessor
[NetworkProximityChecker] NetworkBehaviourProcessor
[NetworkRoomPlayer] NetworkBehaviourProcessor
[NetworkVisibility] NetworkBehaviourProcessor
[NetworkSceneChecker] NetworkBehaviourProcessor
[NetworkTransformBase] NetworkBehaviourProcessor
[NetworkTransform] NetworkBehaviourProcessor
[NetworkTransformBase] NetworkBehaviourProcessor
[NetworkTransformBase] NetworkBehaviourProcessor
[NetworkTransformChild] NetworkBehaviourProcessor
[NetworkLerpRigidbody] NetworkBehaviourProcessor
[NetworkRigidbody] NetworkBehaviourProcessor
[NetworkRigidbody2D] NetworkBehaviourProcessor
[NetworkTransformBase] NetworkBehaviourProcessor
[NetworkTransform] NetworkBehaviourProcessor
[NetworkTransformBase] NetworkBehaviourProcessor
[NetworkTransformBase] NetworkBehaviourProcessor
[NetworkTransformChild] NetworkBehaviourProcessor
Weave behaviours and messages took169 milliseconds
  ProcessSitesModule Mirror.Components.dll elapsed time:00:00:00.0109710
Find all reader and writers took 114 milliseconds
Script Module: Mirror.Tests.Common.dll
Weave behaviours and messages took3 milliseconds
Find all reader and writers took 149 milliseconds
Script Module: Unity.TextMeshPro.dll
Weave behaviours and messages took156 milliseconds
Find all reader and writers took 115 milliseconds
Script Module: Mirror.Tests.Runtime.dll
Weave behaviours and messages took11 milliseconds
Find all reader and writers took 128 milliseconds
Script Module: Telepathy.dll
Weave behaviours and messages took8 milliseconds
Find all reader and writers took 188 milliseconds
Script Module: Mirror.Authenticators.dll
Weave behaviours and messages took42 milliseconds
  ProcessSitesModule Mirror.Authenticators.dll elapsed time:00:00:00.0039876
Find all reader and writers took 183 milliseconds
Script Module: kcp2k.dll
Weave behaviours and messages took9 milliseconds
Find all reader and writers took 133 milliseconds
Script Module: Assembly-CSharp.dll
[BattlecarsPlayerNet] NetworkBehaviourProcessor
Weave behaviours and messages took11 milliseconds
  ProcessSitesModule Assembly-CSharp.dll elapsed time:00:00:00
Find all reader and writers took 144 milliseconds
Script Module: Mirror.Examples.Cloud.GUI.dll
Weave behaviours and messages took6 milliseconds
Find all reader and writers took 129 milliseconds
Script Module: Mirror.Cloud.dll
Weave behaviours and messages took10 milliseconds
Find all reader and writers took 139 milliseconds
Script Module: Mirror.Examples.Cloud.Pong.dll
[Ball] NetworkBehaviourProcessor
[BallManager] NetworkBehaviourProcessor
[Player] NetworkBehaviourProcessor
Weave behaviours and messages took11 milliseconds
  ProcessSitesModule Mirror.Examples.Cloud.Pong.dll elapsed time:00:00:00.0009635
Find all reader and writers took 135 milliseconds
Script Module: Mirror.Tests.Performance.Runtime.dll
Weave behaviours and messages took0 milliseconds
Find all reader and writers took 177 milliseconds
Script Module: UnityEditor.TestRunner.dll
Weave behaviours and messages took82 milliseconds
Find all reader and writers took 164 milliseconds
Script Module: UnityEditor.UI.dll
Weave behaviours and messages took27 milliseconds
Find all reader and writers took 169 milliseconds
Script Module: Mirror.Tests.dll
[EmptyBehaviour] NetworkBehaviourProcessor
[SyncVarGameObjectEqualExposedBehaviour] NetworkBehaviourProcessor
[SyncVarNetworkIdentityEqualExposedBehaviour] NetworkBehaviourProcessor
[NetworkBehaviourSendCommandInternalComponent] NetworkBehaviourProcessor
[NetworkBehaviourSendRPCInternalComponent] NetworkBehaviourProcessor
[NetworkBehaviourSendTargetRPCInternalComponent] NetworkBehaviourProcessor
[NetworkBehaviourDelegateComponent] NetworkBehaviourProcessor
[NetworkBehaviourSetSyncVarGameObjectComponent] NetworkBehaviourProcessor
[NetworkBehaviourGetSyncVarGameObjectComponent] NetworkBehaviourProcessor
[NetworkBehaviourSetSyncVarNetworkIdentityComponent] NetworkBehaviourProcessor
[NetworkBehaviourGetSyncVarNetworkIdentityComponent] NetworkBehaviourProcessor
[NetworkBehaviourInitSyncObjectExposed] NetworkBehaviourProcessor
[OnStopClientComponent] NetworkBehaviourProcessor
[OnStartClientComponent] NetworkBehaviourProcessor
[OnStartLocalPlayerComponent] NetworkBehaviourProcessor
[NetworkBehaviourHookGuardTester] NetworkBehaviourProcessor
[NetworkBehaviourInitSyncObjectTester] NetworkBehaviourProcessor
[CommandTestNetworkBehaviour] NetworkBehaviourProcessor
[RpcTestNetworkBehaviour] NetworkBehaviourProcessor
[OnStartClientTestNetworkBehaviour] NetworkBehaviourProcessor
[OnStopClientTestNetworkBehaviour] NetworkBehaviourProcessor
[TestObjectBehaviour] NetworkBehaviourProcessor
[TestPlayerBehaviour] NetworkBehaviourProcessor
[HookBehaviour] NetworkBehaviourProcessor
[GameObjectHookBehaviour] NetworkBehaviourProcessor
[NetworkIdentityHookBehaviour] NetworkBehaviourProcessor
[NetworkBehaviourHookBehaviour] NetworkBehaviourProcessor
[StaticHookBehaviour] NetworkBehaviourProcessor
[VirtualHookBase] NetworkBehaviourProcessor
[VirtualHookBase] NetworkBehaviourProcessor
[VirtualOverrideHook] NetworkBehaviourProcessor
[AbstractHookBase] NetworkBehaviourProcessor
[AbstractHookBase] NetworkBehaviourProcessor
[AbstractHook] NetworkBehaviourProcessor
[MockPlayer] NetworkBehaviourProcessor
[SyncVarGameObject] NetworkBehaviourProcessor
[SyncVarNetworkIdentity] NetworkBehaviourProcessor
[SyncVarTransform] NetworkBehaviourProcessor
[SyncVarNetworkBehaviour] NetworkBehaviourProcessor
[AbstractBehaviour] NetworkBehaviourProcessor
[BehaviourWithSyncVar] NetworkBehaviourProcessor
[AbstractBehaviour] NetworkBehaviourProcessor
[OverrideBehaviourFromSyncVar] NetworkBehaviourProcessor
[AbstractBehaviour] NetworkBehaviourProcessor
[OverrideBehaviourWithSyncVarFromSyncVar] NetworkBehaviourProcessor
[AbstractBehaviour] NetworkBehaviourProcessor
[MiddleClass] NetworkBehaviourProcessor
[AbstractBehaviour] NetworkBehaviourProcessor
[MiddleClass] NetworkBehaviourProcessor
[SubClass] NetworkBehaviourProcessor
[AbstractBehaviour] NetworkBehaviourProcessor
[MiddleClassWithSyncVar] NetworkBehaviourProcessor
[AbstractBehaviour] NetworkBehaviourProcessor
[MiddleClassWithSyncVar] NetworkBehaviourProcessor
[SubClassFromSyncVar] NetworkBehaviourProcessor
[BehaviourWithSyncVarWithOnSerialize] NetworkBehaviourProcessor
[AbstractBehaviour] NetworkBehaviourProcessor
[OverrideBehaviourFromSyncVarWithOnSerialize] NetworkBehaviourProcessor
[AbstractBehaviour] NetworkBehaviourProcessor
[OverrideBehaviourWithSyncVarFromSyncVarWithOnSerialize] NetworkBehaviourProcessor
[AttributeBehaviour_NetworkBehaviour] NetworkBehaviourProcessor
[DataSenderBehaviour] NetworkBehaviourProcessor
[PayloadTestBehaviour] NetworkBehaviourProcessor
[BehaviourWithEvents] NetworkBehaviourProcessor
[VirtualClientRpc] NetworkBehaviourProcessor
[VirtualClientRpc] NetworkBehaviourProcessor
[VirtualNoOverrideClientRpc] NetworkBehaviourProcessor
[VirtualClientRpc] NetworkBehaviourProcessor
[VirtualOverrideClientRpc] NetworkBehaviourProcessor
[VirtualClientRpc] NetworkBehaviourProcessor
[VirtualOverrideClientRpcWithBase] NetworkBehaviourProcessor
[ClientRpcBehaviour] NetworkBehaviourProcessor
[ExcludeOwnerBehaviour] NetworkBehaviourProcessor
[VirtualCommand] NetworkBehaviourProcessor
[VirtualCommand] NetworkBehaviourProcessor
[VirtualNoOverrideCommand] NetworkBehaviourProcessor
[VirtualCommand] NetworkBehaviourProcessor
[VirtualOverrideCommand] NetworkBehaviourProcessor
[VirtualCommand] NetworkBehaviourProcessor
[VirtualOverrideCommandWithBase] NetworkBehaviourProcessor
[VirtualCommand] NetworkBehaviourProcessor
[VirtualOverrideCommandWithBase] NetworkBehaviourProcessor
[VirtualOverrideCommandWithBase2] NetworkBehaviourProcessor
[AuthorityBehaviour] NetworkBehaviourProcessor
[IgnoreAuthorityBehaviour] NetworkBehaviourProcessor
[SenderConnectionBehaviour] NetworkBehaviourProcessor
[SenderConnectionIgnoreAuthorityBehaviour] NetworkBehaviourProcessor
[ThrowBehaviour] NetworkBehaviourProcessor
[RpcNetworkIdentityBehaviour] NetworkBehaviourProcessor
[VirtualTargetRpc] NetworkBehaviourProcessor
[VirtualTargetRpc] NetworkBehaviourProcessor
[VirtualNoOverrideTargetRpc] NetworkBehaviourProcessor
[VirtualTargetRpc] NetworkBehaviourProcessor
[VirtualOverrideTargetRpc] NetworkBehaviourProcessor
[VirtualTargetRpc] NetworkBehaviourProcessor
[VirtualOverrideTargetRpcWithBase] NetworkBehaviourProcessor
[TargetRpcBehaviour] NetworkBehaviourProcessor
Weave behaviours and messages took228 milliseconds
  ProcessSitesModule Mirror.Tests.dll elapsed time:00:00:00.0129332
Find all reader and writers took 137 milliseconds
Script Module: WeaverTestExtraAssembly.dll
Weave behaviours and messages took8 milliseconds
  ProcessSitesModule WeaverTestExtraAssembly.dll elapsed time:00:00:00.0009974
Find all reader and writers took 147 milliseconds
Script Module: Mirror.CompilerSymbols.dll
Weave behaviours and messages took0 milliseconds
Mono: successfully reloaded assembly
- Completed reload, in 11.320 seconds
Platform modules already initialized, skipping
========================================================================
Worker process is ready to serve import requests
Launched and connected shader compiler UnityShaderCompiler.exe after 0.05 seconds
Refreshing native plugins compatible for Editor in 0.31 ms, found 0 plugins.
Preloading 0 native plugins for Editor in 0.00 ms.
Unloading 1493 Unused Serialized files (Serialized files now loaded: 0)
System memory in use before: 70.1 MB.
System memory in use after: 70.2 MB.

Unloading 17 unused Assets to reduce memory usage. Loaded Objects now: 1929.
Total: 2.353900 ms (FindLiveObjects: 0.187500 ms CreateObjectMapping: 0.062900 ms MarkObjects: 2.040600 ms  DeleteObjects: 0.062100 ms)

========================================================================
Received Import Request.
  path: Assets/Multiplayer Battlecars/Scripts/Networking/BattlecarsNetworkDiscovery.cs
  artifactKey: Guid(766779727bd79f84d8d8a7c34e5f5e2e) Importer(815301076,1909f56bfc062723c751e8b465ee728b)
Start importing Assets/Multiplayer Battlecars/Scripts/Networking/BattlecarsNetworkDiscovery.cs using Guid(766779727bd79f84d8d8a7c34e5f5e2e) Importer(815301076,1909f56bfc062723c751e8b465ee728b)  -> (artifact id: 'e10318838b404c4e37d0de9baef54dea') in 0.040051 seconds
  Import took 0.042824 seconds .

========================================================================
Received Import Request.
  Time since last request: 98.739088 seconds.
  path: Assets/Multiplayer Battlecars/Scripts/Networking/BattlecarsNetworkDiscovery.cs
  artifactKey: Guid(766779727bd79f84d8d8a7c34e5f5e2e) Importer(815301076,1909f56bfc062723c751e8b465ee728b)
Start importing Assets/Multiplayer Battlecars/Scripts/Networking/BattlecarsNetworkDiscovery.cs using Guid(766779727bd79f84d8d8a7c34e5f5e2e) Importer(815301076,1909f56bfc062723c751e8b465ee728b)  -> (artifact id: '2e56ed2d4a868e7d45d1295532a4560d') in 0.007916 seconds
  Import took 0.010718 seconds .

========================================================================
Received Import Request.
  Time since last request: 65.223705 seconds.
  path: Assets/Multiplayer Battlecars/Scripts/Networking/BattlecarsNetworkDiscovery.cs
  artifactKey: Guid(766779727bd79f84d8d8a7c34e5f5e2e) Importer(815301076,1909f56bfc062723c751e8b465ee728b)
Start importing Assets/Multiplayer Battlecars/Scripts/Networking/BattlecarsNetworkDiscovery.cs using Guid(766779727bd79f84d8d8a7c34e5f5e2e) Importer(815301076,1909f56bfc062723c751e8b465ee728b)  -> (artifact id: 'c667f8156506b0a588341f2f9238e0a4') in 0.002958 seconds
  Import took 0.005804 seconds .

========================================================================
Received Import Request.
  Time since last request: 6.092558 seconds.
  path: Assets/Multiplayer Battlecars/Scripts/Networking/BattlecarsNetworkDiscovery.cs
  artifactKey: Guid(766779727bd79f84d8d8a7c34e5f5e2e) Importer(815301076,1909f56bfc062723c751e8b465ee728b)
Start importing Assets/Multiplayer Battlecars/Scripts/Networking/BattlecarsNetworkDiscovery.cs using Guid(766779727bd79f84d8d8a7c34e5f5e2e) Importer(815301076,1909f56bfc062723c751e8b465ee728b)  -> (artifact id: 'e6fbbac9681e4286f1b814f437373055') in 0.002792 seconds
  Import took 0.004975 seconds .

========================================================================
Received Import Request.
  Time since last request: 22.531487 seconds.
  path: Assets/Multiplayer Battlecars/Scripts/Networking/BattlecarsNetworkDiscovery.cs
  artifactKey: Guid(766779727bd79f84d8d8a7c34e5f5e2e) Importer(815301076,1909f56bfc062723c751e8b465ee728b)
Start importing Assets/Multiplayer Battlecars/Scripts/Networking/BattlecarsNetworkDiscovery.cs using Guid(766779727bd79f84d8d8a7c34e5f5e2e) Importer(815301076,1909f56bfc062723c751e8b465ee728b)  -> (artifact id: 'eabfba7daf79e7ea99fcb0d589df5613') in 0.002826 seconds
  Import took 0.005356 seconds .

========================================================================
Received Import Request.
  Time since last request: 17.769130 seconds.
  path: Assets/Multiplayer Battlecars/Scripts/Networking/BattlecarsNetworkDiscovery.cs
  artifactKey: Guid(766779727bd79f84d8d8a7c34e5f5e2e) Importer(815301076,1909f56bfc062723c751e8b465ee728b)
Start importing Assets/Multiplayer Battlecars/Scripts/Networking/BattlecarsNetworkDiscovery.cs using Guid(766779727bd79f84d8d8a7c34e5f5e2e) Importer(815301076,1909f56bfc062723c751e8b465ee728b)  -> (artifact id: '575ea366caf2e5de81886355817d6708') in 0.002814 seconds
  Import took 0.005521 seconds .

========================================================================
Received Import Request.
  Time since last request: 16.879508 seconds.
  path: Assets/Multiplayer Battlecars/Scripts/Networking/BattlecarsNetworkDiscovery.cs
  artifactKey: Guid(766779727bd79f84d8d8a7c34e5f5e2e) Importer(815301076,1909f56bfc062723c751e8b465ee728b)
Start importing Assets/Multiplayer Battlecars/Scripts/Networking/BattlecarsNetworkDiscovery.cs using Guid(766779727bd79f84d8d8a7c34e5f5e2e) Importer(815301076,1909f56bfc062723c751e8b465ee728b)  -> (artifact id: '47d06a048b11cb4d9867d4df02eb4bf3') in 0.007548 seconds
  Import took 0.009723 seconds .

========================================================================
Received Import Request.
  Time since last request: 13.763255 seconds.
  path: Assets/Multiplayer Battlecars/Scripts/Networking/BattlecarsNetworkDiscovery.cs
  artifactKey: Guid(766779727bd79f84d8d8a7c34e5f5e2e) Importer(815301076,1909f56bfc062723c751e8b465ee728b)
Start importing Assets/Multiplayer Battlecars/Scripts/Networking/BattlecarsNetworkDiscovery.cs using Guid(766779727bd79f84d8d8a7c34e5f5e2e) Importer(815301076,1909f56bfc062723c751e8b465ee728b)  -> (artifact id: 'e61250099bdb390c3c79a157bb975b13') in 0.002906 seconds
  Import took 0.005362 seconds .

========================================================================
Received Import Request.
  Time since last request: 7.571692 seconds.
  path: Assets/Multiplayer Battlecars/Scripts/Networking/BattlecarsNetworkDiscovery.cs
  artifactKey: Guid(766779727bd79f84d8d8a7c34e5f5e2e) Importer(815301076,1909f56bfc062723c751e8b465ee728b)
Start importing Assets/Multiplayer Battlecars/Scripts/Networking/BattlecarsNetworkDiscovery.cs using Guid(766779727bd79f84d8d8a7c34e5f5e2e) Importer(815301076,1909f56bfc062723c751e8b465ee728b)  -> (artifact id: 'ebba92b218cc6a646e03b5642031e6c3') in 0.003443 seconds
  Import took 0.005662 seconds .

========================================================================
Received Import Request.
  Time since last request: 8.385207 seconds.
  path: Assets/Multiplayer Battlecars/Scripts/Networking/BattlecarsNetworkDiscovery.cs
  artifactKey: Guid(766779727bd79f84d8d8a7c34e5f5e2e) Importer(815301076,1909f56bfc062723c751e8b465ee728b)
Start importing Assets/Multiplayer Battlecars/Scripts/Networking/BattlecarsNetworkDiscovery.cs using Guid(766779727bd79f84d8d8a7c34e5f5e2e) Importer(815301076,1909f56bfc062723c751e8b465ee728b)  -> (artifact id: 'b177c6c980302c5d87f98f956d0a58f8') in 0.003383 seconds
  Import took 0.005715 seconds .

========================================================================
Received Import Request.
  Time since last request: 7.278527 seconds.
  path: Assets/Multiplayer Battlecars/Scripts/Networking/BattlecarsNetworkDiscovery.cs
  artifactKey: Guid(766779727bd79f84d8d8a7c34e5f5e2e) Importer(815301076,1909f56bfc062723c751e8b465ee728b)
Start importing Assets/Multiplayer Battlecars/Scripts/Networking/BattlecarsNetworkDiscovery.cs using Guid(766779727bd79f84d8d8a7c34e5f5e2e) Importer(815301076,1909f56bfc062723c751e8b465ee728b)  -> (artifact id: '490d777f6e74c8c8cbeae567124186a8') in 0.007030 seconds
  Import took 0.009914 seconds .

========================================================================
Received Import Request.
  Time since last request: 4.399768 seconds.
  path: Assets/Multiplayer Battlecars/Scripts/Networking/BattlecarsNetworkDiscovery.cs
  artifactKey: Guid(766779727bd79f84d8d8a7c34e5f5e2e) Importer(815301076,1909f56bfc062723c751e8b465ee728b)
Start importing Assets/Multiplayer Battlecars/Scripts/Networking/BattlecarsNetworkDiscovery.cs using Guid(766779727bd79f84d8d8a7c34e5f5e2e) Importer(815301076,1909f56bfc062723c751e8b465ee728b)  -> (artifact id: '3d5c83116652d11e66633704cf6a0200') in 0.003462 seconds
  Import took 0.006019 seconds .

========================================================================
Received Import Request.
  Time since last request: 5.586589 seconds.
  path: Assets/Multiplayer Battlecars/Scripts/Networking/BattlecarsNetworkDiscovery.cs
  artifactKey: Guid(766779727bd79f84d8d8a7c34e5f5e2e) Importer(815301076,1909f56bfc062723c751e8b465ee728b)
Start importing Assets/Multiplayer Battlecars/Scripts/Networking/BattlecarsNetworkDiscovery.cs using Guid(766779727bd79f84d8d8a7c34e5f5e2e) Importer(815301076,1909f56bfc062723c751e8b465ee728b)  -> (artifact id: 'e43fa6678d0f60a4e333f95015bba95e') in 0.003004 seconds
  Import took 0.005451 seconds .

========================================================================
Received Import Request.
  Time since last request: 41.718267 seconds.
  path: Assets/Multiplayer Battlecars/Scripts/Networking/BattlecarsNetworkDiscovery.cs
  artifactKey: Guid(766779727bd79f84d8d8a7c34e5f5e2e) Importer(815301076,1909f56bfc062723c751e8b465ee728b)
Start importing Assets/Multiplayer Battlecars/Scripts/Networking/BattlecarsNetworkDiscovery.cs using Guid(766779727bd79f84d8d8a7c34e5f5e2e) Importer(815301076,1909f56bfc062723c751e8b465ee728b)  -> (artifact id: '4dd19cf30210056d35dc8e9d55a18d5f') in 0.007851 seconds
  Import took 0.014331 seconds .

========================================================================
Received Import Request.
  Time since last request: 137.833415 seconds.
  path: Assets/Multiplayer Battlecars/Scripts/Networking/BattlecarsNetworkDiscovery.cs
  artifactKey: Guid(766779727bd79f84d8d8a7c34e5f5e2e) Importer(815301076,1909f56bfc062723c751e8b465ee728b)
Start importing Assets/Multiplayer Battlecars/Scripts/Networking/BattlecarsNetworkDiscovery.cs using Guid(766779727bd79f84d8d8a7c34e5f5e2e) Importer(815301076,1909f56bfc062723c751e8b465ee728b)  -> (artifact id: '42aa4d6c06c4ddcaa798b36ff4fbd749') in 0.007111 seconds
  Import took 0.009944 seconds .

========================================================================
Received Import Request.
  Time since last request: 38.692871 seconds.
  path: Assets/Multiplayer Battlecars/Scripts/Networking/BattlecarsNetworkDiscovery.cs
  artifactKey: Guid(766779727bd79f84d8d8a7c34e5f5e2e) Importer(815301076,1909f56bfc062723c751e8b465ee728b)
Start importing Assets/Multiplayer Battlecars/Scripts/Networking/BattlecarsNetworkDiscovery.cs using Guid(766779727bd79f84d8d8a7c34e5f5e2e) Importer(815301076,1909f56bfc062723c751e8b465ee728b)  -> (artifact id: 'd60f260ab38d5c7a1317b8fdc316e59a') in 0.006313 seconds
  Import took 0.008985 seconds .

========================================================================
Received Import Request.
  Time since last request: 3.394273 seconds.
  path: Assets/Multiplayer Battlecars/Scripts/Networking/BattlecarsNetworkDiscovery.cs
  artifactKey: Guid(766779727bd79f84d8d8a7c34e5f5e2e) Importer(815301076,1909f56bfc062723c751e8b465ee728b)
Start importing Assets/Multiplayer Battlecars/Scripts/Networking/BattlecarsNetworkDiscovery.cs using Guid(766779727bd79f84d8d8a7c34e5f5e2e) Importer(815301076,1909f56bfc062723c751e8b465ee728b)  -> (artifact id: '022957d993907d4ff545bf0b36322ec7') in 0.002958 seconds
  Import took 0.005579 seconds .

========================================================================
Received Import Request.
  Time since last request: 8.279200 seconds.
  path: Assets/Multiplayer Battlecars/Scripts/Networking/BattlecarsNetworkDiscovery.cs
  artifactKey: Guid(766779727bd79f84d8d8a7c34e5f5e2e) Importer(815301076,1909f56bfc062723c751e8b465ee728b)
Start importing Assets/Multiplayer Battlecars/Scripts/Networking/BattlecarsNetworkDiscovery.cs using Guid(766779727bd79f84d8d8a7c34e5f5e2e) Importer(815301076,1909f56bfc062723c751e8b465ee728b)  -> (artifact id: '00f867ac2ba70336edaa272e556611fd') in 0.002896 seconds
  Import took 0.005146 seconds .

========================================================================
Received Import Request.
  Time since last request: 40.580206 seconds.
  path: Assets/Multiplayer Battlecars/Scripts/Networking/BattlecarsNetworkDiscovery.cs
  artifactKey: Guid(766779727bd79f84d8d8a7c34e5f5e2e) Importer(815301076,1909f56bfc062723c751e8b465ee728b)
Start importing Assets/Multiplayer Battlecars/Scripts/Networking/BattlecarsNetworkDiscovery.cs using Guid(766779727bd79f84d8d8a7c34e5f5e2e) Importer(815301076,1909f56bfc062723c751e8b465ee728b)  -> (artifact id: '7b444ae52d68ed46050b99a8c8f8f85a') in 0.006644 seconds
  Import took 0.009573 seconds .

========================================================================
Received Import Request.
  Time since last request: 20.038431 seconds.
  path: Assets/Multiplayer Battlecars/Scripts/Networking/BattlecarsNetworkDiscovery.cs
  artifactKey: Guid(766779727bd79f84d8d8a7c34e5f5e2e) Importer(815301076,1909f56bfc062723c751e8b465ee728b)
Start importing Assets/Multiplayer Battlecars/Scripts/Networking/BattlecarsNetworkDiscovery.cs using Guid(766779727bd79f84d8d8a7c34e5f5e2e) Importer(815301076,1909f56bfc062723c751e8b465ee728b)  -> (artifact id: 'ae24ea947b30b0c9c3198264ce026f4e') in 0.006334 seconds
  Import took 0.008602 seconds .

========================================================================
Received Import Request.
  Time since last request: 249.794395 seconds.
  path: Assets/Multiplayer Battlecars/Scripts/Networking/BattlecarsNetworkDiscovery.cs
  artifactKey: Guid(766779727bd79f84d8d8a7c34e5f5e2e) Importer(815301076,1909f56bfc062723c751e8b465ee728b)
Start importing Assets/Multiplayer Battlecars/Scripts/Networking/BattlecarsNetworkDiscovery.cs using Guid(766779727bd79f84d8d8a7c34e5f5e2e) Importer(815301076,1909f56bfc062723c751e8b465ee728b)  -> (artifact id: 'a5ac4d0169c13e52ed315a8134aae036') in 0.006502 seconds
  Import took 0.009827 seconds .

========================================================================
Received Import Request.
  Time since last request: 7.868287 seconds.
  path: Assets/Multiplayer Battlecars/Scripts/Networking/BattlecarsNetworkDiscovery.cs
  artifactKey: Guid(766779727bd79f84d8d8a7c34e5f5e2e) Importer(815301076,1909f56bfc062723c751e8b465ee728b)
Start importing Assets/Multiplayer Battlecars/Scripts/Networking/BattlecarsNetworkDiscovery.cs using Guid(766779727bd79f84d8d8a7c34e5f5e2e) Importer(815301076,1909f56bfc062723c751e8b465ee728b)  -> (artifact id: '64f21a1f3d10c73715ecfc3ed7c01b46') in 0.006703 seconds
  Import took 0.009171 seconds .

========================================================================
Received Import Request.
  Time since last request: 20.547363 seconds.
  path: Assets/Multiplayer Battlecars/Scripts/Networking/BattlecarsNetworkDiscovery.cs
  artifactKey: Guid(766779727bd79f84d8d8a7c34e5f5e2e) Importer(815301076,1909f56bfc062723c751e8b465ee728b)
Start importing Assets/Multiplayer Battlecars/Scripts/Networking/BattlecarsNetworkDiscovery.cs using Guid(766779727bd79f84d8d8a7c34e5f5e2e) Importer(815301076,1909f56bfc062723c751e8b465ee728b)  -> (artifact id: '5765dcb1322b171b92c8639ac2d411bd') in 0.006771 seconds
  Import took 0.009139 seconds .

========================================================================
Received Import Request.
  Time since last request: 86.157326 seconds.
  path: Assets/Multiplayer Battlecars/Scripts/Networking/BattlecarsNetworkDiscovery.cs
  artifactKey: Guid(766779727bd79f84d8d8a7c34e5f5e2e) Importer(815301076,1909f56bfc062723c751e8b465ee728b)
Start importing Assets/Multiplayer Battlecars/Scripts/Networking/BattlecarsNetworkDiscovery.cs using Guid(766779727bd79f84d8d8a7c34e5f5e2e) Importer(815301076,1909f56bfc062723c751e8b465ee728b)  -> (artifact id: '35960f8db71729a5d6578c08814a281f') in 0.007121 seconds
  Import took 0.010067 seconds .

========================================================================
Received Import Request.
  Time since last request: 34.166616 seconds.
  path: Assets/Multiplayer Battlecars/Scripts/Networking/BattlecarsNetworkDiscovery.cs
  artifactKey: Guid(766779727bd79f84d8d8a7c34e5f5e2e) Importer(815301076,1909f56bfc062723c751e8b465ee728b)
Start importing Assets/Multiplayer Battlecars/Scripts/Networking/BattlecarsNetworkDiscovery.cs using Guid(766779727bd79f84d8d8a7c34e5f5e2e) Importer(815301076,1909f56bfc062723c751e8b465ee728b)  -> (artifact id: '144f2ac2b78ece918356513011efcf30') in 0.006115 seconds
  Import took 0.009032 seconds .

========================================================================
Received Import Request.
  Time since last request: 4.895237 seconds.
  path: Assets/Multiplayer Battlecars/Scripts/Networking/BattlecarsNetworkDiscovery.cs
  artifactKey: Guid(766779727bd79f84d8d8a7c34e5f5e2e) Importer(815301076,1909f56bfc062723c751e8b465ee728b)
Start importing Assets/Multiplayer Battlecars/Scripts/Networking/BattlecarsNetworkDiscovery.cs using Guid(766779727bd79f84d8d8a7c34e5f5e2e) Importer(815301076,1909f56bfc062723c751e8b465ee728b)  -> (artifact id: 'a3e7479826e6e3666649c4a5ab38a795') in 0.002887 seconds
  Import took 0.005979 seconds .

========================================================================
Received Import Request.
  Time since last request: 5.075757 seconds.
  path: Assets/Multiplayer Battlecars/Scripts/Networking/BattlecarsNetworkDiscovery.cs
  artifactKey: Guid(766779727bd79f84d8d8a7c34e5f5e2e) Importer(815301076,1909f56bfc062723c751e8b465ee728b)
Start importing Assets/Multiplayer Battlecars/Scripts/Networking/BattlecarsNetworkDiscovery.cs using Guid(766779727bd79f84d8d8a7c34e5f5e2e) Importer(815301076,1909f56bfc062723c751e8b465ee728b)  -> (artifact id: '965fdc9b422df7e2f06388b2cda40179') in 0.002630 seconds
  Import took 0.004794 seconds .

========================================================================
Received Import Request.
  Time since last request: 81.106473 seconds.
  path: Assets/Multiplayer Battlecars/Scripts/Networking/BattlecarsNetworkDiscovery.cs
  artifactKey: Guid(766779727bd79f84d8d8a7c34e5f5e2e) Importer(815301076,1909f56bfc062723c751e8b465ee728b)
Start importing Assets/Multiplayer Battlecars/Scripts/Networking/BattlecarsNetworkDiscovery.cs using Guid(766779727bd79f84d8d8a7c34e5f5e2e) Importer(815301076,1909f56bfc062723c751e8b465ee728b)  -> (artifact id: '7d6d7150228a50c1173e8a0aeed81628') in 0.007280 seconds
  Import took 0.009740 seconds .

========================================================================
Received Import Request.
  Time since last request: 14.952931 seconds.
  path: Assets/Multiplayer Battlecars/Scripts/Networking/BattlecarsNetworkDiscovery.cs
  artifactKey: Guid(766779727bd79f84d8d8a7c34e5f5e2e) Importer(815301076,1909f56bfc062723c751e8b465ee728b)
Start importing Assets/Multiplayer Battlecars/Scripts/Networking/BattlecarsNetworkDiscovery.cs using Guid(766779727bd79f84d8d8a7c34e5f5e2e) Importer(815301076,1909f56bfc062723c751e8b465ee728b)  -> (artifact id: 'cfcfb7f2059b49669fcf9ed802f78443') in 0.007337 seconds
  Import took 0.010557 seconds .

========================================================================
Received Import Request.
  Time since last request: 67.710152 seconds.
  path: Assets/Multiplayer Battlecars/Scripts/Networking/BattlecarsNetworkDiscovery.cs
  artifactKey: Guid(766779727bd79f84d8d8a7c34e5f5e2e) Importer(815301076,1909f56bfc062723c751e8b465ee728b)
Start importing Assets/Multiplayer Battlecars/Scripts/Networking/BattlecarsNetworkDiscovery.cs using Guid(766779727bd79f84d8d8a7c34e5f5e2e) Importer(815301076,1909f56bfc062723c751e8b465ee728b)  -> (artifact id: '040ff103df5b1ae2b778fbc579d37974') in 0.006895 seconds
  Import took 0.009746 seconds .

========================================================================
Received Prepare
Registering precompiled user dll's ...
Registered in 0.004780 seconds.
Begin MonoManager ReloadAssembly
Native extension for WindowsStandalone target not found
Refreshing native plugins compatible for Editor in 0.30 ms, found 0 plugins.
Preloading 0 native plugins for Editor in 0.00 ms.
Invoked RoslynAnalysisRunner static constructor.
RoslynAnalysisRunner will not be running.
RoslynAnalysisRunner has terminated.
Mono: successfully reloaded assembly
- Completed reload, in  0.906 seconds
Platform modules already initialized, skipping
Refreshing native plugins compatible for Editor in 0.28 ms, found 0 plugins.
Preloading 0 native plugins for Editor in 0.00 ms.
Unloading 1474 Unused Serialized files (Serialized files now loaded: 0)
System memory in use before: 69.3 MB.
System memory in use after: 69.4 MB.

Unloading 12 unused Assets to reduce memory usage. Loaded Objects now: 1931.
Total: 1.705600 ms (FindLiveObjects: 0.168400 ms CreateObjectMapping: 0.047400 ms MarkObjects: 1.469900 ms  DeleteObjects: 0.018800 ms)

========================================================================
Received Import Request.
  Time since last request: 216.870655 seconds.
  path: Assets/Multiplayer Battlecars/Scripts/UI/DiscoverGame.cs
  artifactKey: Guid(e93fc37195c0eb34daa0bc4b4863fd87) Importer(815301076,1909f56bfc062723c751e8b465ee728b)
Start importing Assets/Multiplayer Battlecars/Scripts/UI/DiscoverGame.cs using Guid(e93fc37195c0eb34daa0bc4b4863fd87) Importer(815301076,1909f56bfc062723c751e8b465ee728b)  -> (artifact id: 'ba291f46c6af61a3b96073d20c3d5764') in 0.012442 seconds
  Import took 0.015908 seconds .

========================================================================
Received Prepare
Registering precompiled user dll's ...
Registered in 0.004750 seconds.
Begin MonoManager ReloadAssembly
Native extension for WindowsStandalone target not found
Refreshing native plugins compatible for Editor in 0.28 ms, found 0 plugins.
Preloading 0 native plugins for Editor in 0.00 ms.
Invoked RoslynAnalysisRunner static constructor.
RoslynAnalysisRunner will not be running.
RoslynAnalysisRunner has terminated.
Mono: successfully reloaded assembly
- Completed reload, in  0.920 seconds
Platform modules already initialized, skipping
Refreshing native plugins compatible for Editor in 0.28 ms, found 0 plugins.
Preloading 0 native plugins for Editor in 0.00 ms.
Unloading 1475 Unused Serialized files (Serialized files now loaded: 0)
System memory in use before: 69.7 MB.
System memory in use after: 69.8 MB.

Unloading 12 unused Assets to reduce memory usage. Loaded Objects now: 1934.
Total: 1.728700 ms (FindLiveObjects: 0.211100 ms CreateObjectMapping: 0.064100 ms MarkObjects: 1.439000 ms  DeleteObjects: 0.013400 ms)

========================================================================
Received Prepare
Registering precompiled user dll's ...
Registered in 0.006345 seconds.
Begin MonoManager ReloadAssembly
Native extension for WindowsStandalone target not found
Refreshing native plugins compatible for Editor in 0.30 ms, found 0 plugins.
Preloading 0 native plugins for Editor in 0.00 ms.
Invoked RoslynAnalysisRunner static constructor.
RoslynAnalysisRunner will not be running.
RoslynAnalysisRunner has terminated.
Mono: successfully reloaded assembly
- Completed reload, in  0.908 seconds
Platform modules already initialized, skipping
Refreshing native plugins compatible for Editor in 0.33 ms, found 0 plugins.
Preloading 0 native plugins for Editor in 0.00 ms.
Unloading 1475 Unused Serialized files (Serialized files now loaded: 0)
System memory in use before: 69.7 MB.
System memory in use after: 69.9 MB.

Unloading 12 unused Assets to reduce memory usage. Loaded Objects now: 1936.
Total: 2.307100 ms (FindLiveObjects: 0.227100 ms CreateObjectMapping: 0.083400 ms MarkObjects: 1.966200 ms  DeleteObjects: 0.029100 ms)

========================================================================
Received Prepare
Registering precompiled user dll's ...
Registered in 0.007471 seconds.
Begin MonoManager ReloadAssembly
Native extension for WindowsStandalone target not found
Refreshing native plugins compatible for Editor in 0.38 ms, found 0 plugins.
Preloading 0 native plugins for Editor in 0.00 ms.
Invoked RoslynAnalysisRunner static constructor.
RoslynAnalysisRunner will not be running.
RoslynAnalysisRunner has terminated.
Mono: successfully reloaded assembly
- Completed reload, in  0.863 seconds
Platform modules already initialized, skipping
Refreshing native plugins compatible for Editor in 0.29 ms, found 0 plugins.
Preloading 0 native plugins for Editor in 0.00 ms.
Unloading 1475 Unused Serialized files (Serialized files now loaded: 0)
System memory in use before: 70.3 MB.
System memory in use after: 70.4 MB.

Unloading 12 unused Assets to reduce memory usage. Loaded Objects now: 1938.
Total: 1.721900 ms (FindLiveObjects: 0.165000 ms CreateObjectMapping: 0.052100 ms MarkObjects: 1.490700 ms  DeleteObjects: 0.013400 ms)

========================================================================
Received Prepare
Registering precompiled user dll's ...
Registered in 0.005708 seconds.
Begin MonoManager ReloadAssembly
Native extension for WindowsStandalone target not found
Refreshing native plugins compatible for Editor in 0.29 ms, found 0 plugins.
Preloading 0 native plugins for Editor in 0.00 ms.
Invoked RoslynAnalysisRunner static constructor.
RoslynAnalysisRunner will not be running.
RoslynAnalysisRunner has terminated.
Mono: successfully reloaded assembly
- Completed reload, in  0.857 seconds
Platform modules already initialized, skipping
Refreshing native plugins compatible for Editor in 0.29 ms, found 0 plugins.
Preloading 0 native plugins for Editor in 0.00 ms.
Unloading 1475 Unused Serialized files (Serialized files now loaded: 0)
System memory in use before: 70.6 MB.
System memory in use after: 70.7 MB.

Unloading 12 unused Assets to reduce memory usage. Loaded Objects now: 1940.
Total: 2.134600 ms (FindLiveObjects: 0.309000 ms CreateObjectMapping: 0.113100 ms MarkObjects: 1.694400 ms  DeleteObjects: 0.017300 ms)

========================================================================
Received Prepare
Registering precompiled user dll's ...
Registered in 0.004882 seconds.
Begin MonoManager ReloadAssembly
Native extension for WindowsStandalone target not found
Refreshing native plugins compatible for Editor in 0.30 ms, found 0 plugins.
Preloading 0 native plugins for Editor in 0.00 ms.
Invoked RoslynAnalysisRunner static constructor.
RoslynAnalysisRunner will not be running.
RoslynAnalysisRunner has terminated.
Mono: successfully reloaded assembly
- Completed reload, in  0.863 seconds
Platform modules already initialized, skipping
Refreshing native plugins compatible for Editor in 0.29 ms, found 0 plugins.
Preloading 0 native plugins for Editor in 0.00 ms.
Unloading 1475 Unused Serialized files (Serialized files now loaded: 0)
System memory in use before: 70.8 MB.
System memory in use after: 70.9 MB.

Unloading 12 unused Assets to reduce memory usage. Loaded Objects now: 1942.
Total: 1.684800 ms (FindLiveObjects: 0.202900 ms CreateObjectMapping: 0.056100 ms MarkObjects: 1.411400 ms  DeleteObjects: 0.013400 ms)

========================================================================
Received Prepare
Registering precompiled user dll's ...
Registered in 0.005403 seconds.
Begin MonoManager ReloadAssembly
Native extension for WindowsStandalone target not found
Refreshing native plugins compatible for Editor in 0.29 ms, found 0 plugins.
Preloading 0 native plugins for Editor in 0.00 ms.
Invoked RoslynAnalysisRunner static constructor.
RoslynAnalysisRunner will not be running.
RoslynAnalysisRunner has terminated.
Mono: successfully reloaded assembly
- Completed reload, in  0.839 seconds
Platform modules already initialized, skipping
Refreshing native plugins compatible for Editor in 0.29 ms, found 0 plugins.
Preloading 0 native plugins for Editor in 0.00 ms.
Unloading 1475 Unused Serialized files (Serialized files now loaded: 0)
System memory in use before: 70.2 MB.
System memory in use after: 70.3 MB.

Unloading 12 unused Assets to reduce memory usage. Loaded Objects now: 1944.
Total: 1.821500 ms (FindLiveObjects: 0.231700 ms CreateObjectMapping: 0.078000 ms MarkObjects: 1.495900 ms  DeleteObjects: 0.014900 ms)

========================================================================
Received Prepare
Registering precompiled user dll's ...
Registered in 0.004807 seconds.
Begin MonoManager ReloadAssembly
Native extension for WindowsStandalone target not found
Refreshing native plugins compatible for Editor in 0.29 ms, found 0 plugins.
Preloading 0 native plugins for Editor in 0.00 ms.
Invoked RoslynAnalysisRunner static constructor.
RoslynAnalysisRunner will not be running.
RoslynAnalysisRunner has terminated.
Mono: successfully reloaded assembly
- Completed reload, in  0.875 seconds
Platform modules already initialized, skipping
Refreshing native plugins compatible for Editor in 0.29 ms, found 0 plugins.
Preloading 0 native plugins for Editor in 0.00 ms.
Unloading 1475 Unused Serialized files (Serialized files now loaded: 0)
System memory in use before: 70.5 MB.
System memory in use after: 70.6 MB.

Unloading 12 unused Assets to reduce memory usage. Loaded Objects now: 1946.
Total: 1.770500 ms (FindLiveObjects: 0.163100 ms CreateObjectMapping: 0.052100 ms MarkObjects: 1.539800 ms  DeleteObjects: 0.014600 ms)

========================================================================
Received Prepare
Registering precompiled user dll's ...
Registered in 0.005827 seconds.
Begin MonoManager ReloadAssembly
Native extension for WindowsStandalone target not found
Refreshing native plugins compatible for Editor in 0.29 ms, found 0 plugins.
Preloading 0 native plugins for Editor in 0.00 ms.
Invoked RoslynAnalysisRunner static constructor.
RoslynAnalysisRunner will not be running.
RoslynAnalysisRunner has terminated.
Mono: successfully reloaded assembly
- Completed reload, in  0.900 seconds
Platform modules already initialized, skipping
Refreshing native plugins compatible for Editor in 0.29 ms, found 0 plugins.
Preloading 0 native plugins for Editor in 0.00 ms.
Unloading 1475 Unused Serialized files (Serialized files now loaded: 0)
System memory in use before: 70.8 MB.
System memory in use after: 70.9 MB.

Unloading 12 unused Assets to reduce memory usage. Loaded Objects now: 1948.
Total: 1.934700 ms (FindLiveObjects: 0.170600 ms CreateObjectMapping: 0.045900 ms MarkObjects: 1.701900 ms  DeleteObjects: 0.015600 ms)

========================================================================
Received Import Request.
  Time since last request: 1597.795313 seconds.
  path: Assets/cats-alphabet
  artifactKey: Guid(f01db1c07485a034cba1fb4af22531ee) Importer(815301076,1909f56bfc062723c751e8b465ee728b)
Start importing Assets/cats-alphabet using Guid(f01db1c07485a034cba1fb4af22531ee) Importer(815301076,1909f56bfc062723c751e8b465ee728b)  -> (artifact id: '6abacc81e5db67ce723f7a4b8809f196') in 0.011941 seconds
  Import took 0.014865 seconds .

========================================================================
Received Import Request.
  Time since last request: 0.003245 seconds.
  path: Assets/cats-alphabet
  artifactKey: Guid(f01db1c07485a034cba1fb4af22531ee) Importer(815301076,1909f56bfc062723c751e8b465ee728b)
Start importing Assets/cats-alphabet using Guid(f01db1c07485a034cba1fb4af22531ee) Importer(815301076,1909f56bfc062723c751e8b465ee728b)  -> (artifact id: '6abacc81e5db67ce723f7a4b8809f196') in 0.003699 seconds
  Import took 0.006255 seconds .

========================================================================
Received Import Request.
  Time since last request: 0.156622 seconds.
  path: Assets/cats-alphabet/CatsAlphabet SDF.asset
  artifactKey: Guid(1baf398324026fe41936ad8a590c2683) Importer(815301076,1909f56bfc062723c751e8b465ee728b)
Start importing Assets/cats-alphabet/CatsAlphabet SDF.asset using Guid(1baf398324026fe41936ad8a590c2683) Importer(815301076,1909f56bfc062723c751e8b465ee728b)  -> (artifact id: '8efed6947575a2398be366f864a86133') in 0.197408 seconds
  Import took 0.200530 seconds .

========================================================================
Received Import Request.
  Time since last request: 0.000304 seconds.
  path: Assets/cats-alphabet/CatsAlphabet.ttf
  artifactKey: Guid(20035b8e4b966954da24b4d4157c89d8) Importer(815301076,1909f56bfc062723c751e8b465ee728b)
Start importing Assets/cats-alphabet/CatsAlphabet.ttf using Guid(20035b8e4b966954da24b4d4157c89d8) Importer(815301076,1909f56bfc062723c751e8b465ee728b)  -> (artifact id: 'baeb7cb469a85426b51a0568a6cb1595') in 0.027266 seconds
  Import took 0.029667 seconds .

========================================================================
Received Import Request.
  Time since last request: 4.199947 seconds.
  path: Assets/Fonts
  artifactKey: Guid(f01db1c07485a034cba1fb4af22531ee) Importer(815301076,1909f56bfc062723c751e8b465ee728b)
Start importing Assets/Fonts using Guid(f01db1c07485a034cba1fb4af22531ee) Importer(815301076,1909f56bfc062723c751e8b465ee728b)  -> (artifact id: 'eeaeadc8c2fd34a197b7d73f9ab13bf5') in 0.008931 seconds
  Import took 0.011679 seconds .

========================================================================
Received Import Request.
  Time since last request: 8.994649 seconds.
  path: Assets/Fonts/quiet-meows
  artifactKey: Guid(6b3c1199c7a74d746a7751e97632d643) Importer(815301076,1909f56bfc062723c751e8b465ee728b)
Start importing Assets/Fonts/quiet-meows using Guid(6b3c1199c7a74d746a7751e97632d643) Importer(815301076,1909f56bfc062723c751e8b465ee728b)  -> (artifact id: 'df20eb5327e86dae4f1791a609ce39db') in 0.010126 seconds
  Import took 0.012483 seconds .

========================================================================
Received Import Request.
  Time since last request: 0.000620 seconds.
  path: Assets/Fonts/quiet-meows
  artifactKey: Guid(6b3c1199c7a74d746a7751e97632d643) Importer(815301076,1909f56bfc062723c751e8b465ee728b)
Start importing Assets/Fonts/quiet-meows using Guid(6b3c1199c7a74d746a7751e97632d643) Importer(815301076,1909f56bfc062723c751e8b465ee728b)  -> (artifact id: 'df20eb5327e86dae4f1791a609ce39db') in 0.004355 seconds
  Import took 0.007186 seconds .

========================================================================
Received Import Request.
  Time since last request: 0.050270 seconds.
  path: Assets/Fonts/quiet-meows/Quiet Meows SDF.asset
  artifactKey: Guid(79f49fed861861840b2a663e488bca8b) Importer(815301076,1909f56bfc062723c751e8b465ee728b)
Start importing Assets/Fonts/quiet-meows/Quiet Meows SDF.asset using Guid(79f49fed861861840b2a663e488bca8b) Importer(815301076,1909f56bfc062723c751e8b465ee728b)  -> (artifact id: '6f68aa588f6b62fbe159e5ff1cfaedad') in 0.081992 seconds
  Import took 0.084919 seconds .

========================================================================
Received Import Request.
  Time since last request: 0.000268 seconds.
  path: Assets/Fonts/quiet-meows/Quiet Meows.png
  artifactKey: Guid(eb60bce2807ffcc439a5c6e3c4d28f40) Importer(815301076,1909f56bfc062723c751e8b465ee728b)
Start importing Assets/Fonts/quiet-meows/Quiet Meows.png using Guid(eb60bce2807ffcc439a5c6e3c4d28f40) Importer(815301076,1909f56bfc062723c751e8b465ee728b)  -> (artifact id: '5ec19edf681faabcd8eee4299c567c2b') in 0.058172 seconds
  Import took 0.060991 seconds .

========================================================================
Received Import Request.
  Time since last request: 0.000298 seconds.
  path: Assets/Fonts/quiet-meows/Quiet Meows.otf
  artifactKey: Guid(24d55479b8362ad45979ecc9556b0b16) Importer(815301076,1909f56bfc062723c751e8b465ee728b)
Start importing Assets/Fonts/quiet-meows/Quiet Meows.otf using Guid(24d55479b8362ad45979ecc9556b0b16) Importer(815301076,1909f56bfc062723c751e8b465ee728b)  -> (artifact id: '2c8e5ac22dbacb688e07874405bfeeab') in 0.014654 seconds
  Import took 0.017587 seconds .

========================================================================
Received Import Request.
  Time since last request: 0.000301 seconds.
  path: Assets/Fonts/quiet-meows/Quiet Meows.ttf
  artifactKey: Guid(9cd6d97c945cf5f46b7081647a352440) Importer(815301076,1909f56bfc062723c751e8b465ee728b)
Start importing Assets/Fonts/quiet-meows/Quiet Meows.ttf using Guid(9cd6d97c945cf5f46b7081647a352440) Importer(815301076,1909f56bfc062723c751e8b465ee728b)  -> (artifact id: 'ab53cedd573b64790de530c6378f227c') in 0.032748 seconds
  Import took 0.035369 seconds .

========================================================================
Received Import Request.
  Time since last request: 1.161964 seconds.
  path: Assets/Fonts/quiet-meows/license.txt
  artifactKey: Guid(e826edcd69db664418d1676b346d97ea) Importer(815301076,1909f56bfc062723c751e8b465ee728b)
Start importing Assets/Fonts/quiet-meows/license.txt using Guid(e826edcd69db664418d1676b346d97ea) Importer(815301076,1909f56bfc062723c751e8b465ee728b)  -> (artifact id: '450031914824632c9852d60897ff0f46') in 0.010757 seconds
  Import took 0.013193 seconds .

========================================================================
Received Prepare
Registering precompiled user dll's ...
Registered in 0.005198 seconds.
Begin MonoManager ReloadAssembly
Native extension for WindowsStandalone target not found
Refreshing native plugins compatible for Editor in 0.29 ms, found 0 plugins.
Preloading 0 native plugins for Editor in 0.00 ms.
Invoked RoslynAnalysisRunner static constructor.
RoslynAnalysisRunner will not be running.
RoslynAnalysisRunner has terminated.
Mono: successfully reloaded assembly
- Completed reload, in  0.873 seconds
Platform modules already initialized, skipping
Refreshing native plugins compatible for Editor in 0.29 ms, found 0 plugins.
Preloading 0 native plugins for Editor in 0.00 ms.
Unloading 1475 Unused Serialized files (Serialized files now loaded: 0)
System memory in use before: 73.7 MB.
System memory in use after: 73.8 MB.

Unloading 12 unused Assets to reduce memory usage. Loaded Objects now: 1995.
Total: 1.829500 ms (FindLiveObjects: 0.180900 ms CreateObjectMapping: 0.055000 ms MarkObjects: 1.577600 ms  DeleteObjects: 0.015000 ms)

========================================================================
Received Prepare
Registering precompiled user dll's ...
Registered in 0.004810 seconds.
Begin MonoManager ReloadAssembly
Native extension for WindowsStandalone target not found
Refreshing native plugins compatible for Editor in 0.29 ms, found 0 plugins.
Preloading 0 native plugins for Editor in 0.00 ms.
Invoked RoslynAnalysisRunner static constructor.
RoslynAnalysisRunner will not be running.
RoslynAnalysisRunner has terminated.
Mono: successfully reloaded assembly
- Completed reload, in  0.845 seconds
Platform modules already initialized, skipping
Refreshing native plugins compatible for Editor in 0.29 ms, found 0 plugins.
Preloading 0 native plugins for Editor in 0.00 ms.
Unloading 1475 Unused Serialized files (Serialized files now loaded: 0)
System memory in use before: 74.0 MB.
System memory in use after: 74.1 MB.

Unloading 12 unused Assets to reduce memory usage. Loaded Objects now: 1997.
Total: 1.820300 ms (FindLiveObjects: 0.176300 ms CreateObjectMapping: 0.049700 ms MarkObjects: 1.578100 ms  DeleteObjects: 0.015300 ms)

========================================================================
Received Prepare
Registering precompiled user dll's ...
Registered in 0.005506 seconds.
Begin MonoManager ReloadAssembly
Native extension for WindowsStandalone target not found
Refreshing native plugins compatible for Editor in 0.30 ms, found 0 plugins.
Preloading 0 native plugins for Editor in 0.00 ms.
Invoked RoslynAnalysisRunner static constructor.
RoslynAnalysisRunner will not be running.
RoslynAnalysisRunner has terminated.
Mono: successfully reloaded assembly
- Completed reload, in  0.853 seconds
Platform modules already initialized, skipping
Refreshing native plugins compatible for Editor in 0.29 ms, found 0 plugins.
Preloading 0 native plugins for Editor in 0.00 ms.
Unloading 1475 Unused Serialized files (Serialized files now loaded: 0)
System memory in use before: 74.3 MB.
System memory in use after: 74.4 MB.

Unloading 12 unused Assets to reduce memory usage. Loaded Objects now: 1999.
Total: 1.770800 ms (FindLiveObjects: 0.168700 ms CreateObjectMapping: 0.047600 ms MarkObjects: 1.538200 ms  DeleteObjects: 0.015500 ms)

========================================================================
Received Prepare
Registering precompiled user dll's ...
Registered in 0.004908 seconds.
Begin MonoManager ReloadAssembly
Native extension for WindowsStandalone target not found
Refreshing native plugins compatible for Editor in 0.29 ms, found 0 plugins.
Preloading 0 native plugins for Editor in 0.00 ms.
Invoked RoslynAnalysisRunner static constructor.
RoslynAnalysisRunner will not be running.
RoslynAnalysisRunner has terminated.
Mono: successfully reloaded assembly
- Completed reload, in  0.858 seconds
Platform modules already initialized, skipping
Refreshing native plugins compatible for Editor in 0.33 ms, found 0 plugins.
Preloading 0 native plugins for Editor in 0.00 ms.
Unloading 1475 Unused Serialized files (Serialized files now loaded: 0)
System memory in use before: 73.6 MB.
System memory in use after: 73.7 MB.

Unloading 12 unused Assets to reduce memory usage. Loaded Objects now: 2001.
Total: 1.916300 ms (FindLiveObjects: 0.156100 ms CreateObjectMapping: 0.049900 ms MarkObjects: 1.693700 ms  DeleteObjects: 0.015600 ms)

========================================================================
Received Import Request.
  Time since last request: 967.007028 seconds.
  path: Assets/Multiplayer Battlecars/Scenes/Offline.unity
  artifactKey: Guid(376211f13baa2c04d8028e52b853ed98) Importer(815301076,1909f56bfc062723c751e8b465ee728b)
Start importing Assets/Multiplayer Battlecars/Scenes/Offline.unity using Guid(376211f13baa2c04d8028e52b853ed98) Importer(815301076,1909f56bfc062723c751e8b465ee728b)  -> (artifact id: '31914b3dcc1fc332d0f221d7e0518716') in 0.019111 seconds
  Import took 0.022002 seconds .

========================================================================
Received Prepare
Registering precompiled user dll's ...
Registered in 0.005916 seconds.
Begin MonoManager ReloadAssembly
Native extension for WindowsStandalone target not found
Refreshing native plugins compatible for Editor in 0.28 ms, found 0 plugins.
Preloading 0 native plugins for Editor in 0.00 ms.
Invoked RoslynAnalysisRunner static constructor.
RoslynAnalysisRunner will not be running.
RoslynAnalysisRunner has terminated.
Mono: successfully reloaded assembly
- Completed reload, in  0.833 seconds
Platform modules already initialized, skipping
Refreshing native plugins compatible for Editor in 0.43 ms, found 0 plugins.
Preloading 0 native plugins for Editor in 0.00 ms.
Unloading 1475 Unused Serialized files (Serialized files now loaded: 0)
System memory in use before: 74.0 MB.
System memory in use after: 74.1 MB.

Unloading 12 unused Assets to reduce memory usage. Loaded Objects now: 2003.
Total: 1.908900 ms (FindLiveObjects: 0.177300 ms CreateObjectMapping: 0.061000 ms MarkObjects: 1.653000 ms  DeleteObjects: 0.016700 ms)

========================================================================
Received Prepare
Registering precompiled user dll's ...
Registered in 0.005182 seconds.
Begin MonoManager ReloadAssembly
Native extension for WindowsStandalone target not found
Refreshing native plugins compatible for Editor in 0.29 ms, found 0 plugins.
Preloading 0 native plugins for Editor in 0.00 ms.
Invoked RoslynAnalysisRunner static constructor.
RoslynAnalysisRunner will not be running.
RoslynAnalysisRunner has terminated.
Mono: successfully reloaded assembly
- Completed reload, in  0.872 seconds
Platform modules already initialized, skipping
Refreshing native plugins compatible for Editor in 0.29 ms, found 0 plugins.
Preloading 0 native plugins for Editor in 0.00 ms.
Unloading 1475 Unused Serialized files (Serialized files now loaded: 0)
System memory in use before: 74.3 MB.
System memory in use after: 74.4 MB.

Unloading 12 unused Assets to reduce memory usage. Loaded Objects now: 2005.
Total: 2.163400 ms (FindLiveObjects: 0.274900 ms CreateObjectMapping: 0.113300 ms MarkObjects: 1.758700 ms  DeleteObjects: 0.015400 ms)

========================================================================
Received Prepare
Registering precompiled user dll's ...
Registered in 0.005277 seconds.
Begin MonoManager ReloadAssembly
Native extension for WindowsStandalone target not found
Refreshing native plugins compatible for Editor in 0.28 ms, found 0 plugins.
Preloading 0 native plugins for Editor in 0.00 ms.
Invoked RoslynAnalysisRunner static constructor.
RoslynAnalysisRunner will not be running.
RoslynAnalysisRunner has terminated.
Mono: successfully reloaded assembly
- Completed reload, in  0.863 seconds
Platform modules already initialized, skipping
Refreshing native plugins compatible for Editor in 0.29 ms, found 0 plugins.
Preloading 0 native plugins for Editor in 0.00 ms.
Unloading 1475 Unused Serialized files (Serialized files now loaded: 0)
System memory in use before: 74.3 MB.
System memory in use after: 74.4 MB.

Unloading 12 unused Assets to reduce memory usage. Loaded Objects now: 2007.
Total: 1.749900 ms (FindLiveObjects: 0.230800 ms CreateObjectMapping: 0.059100 ms MarkObjects: 1.445100 ms  DeleteObjects: 0.014100 ms)

========================================================================
Received Prepare
Registering precompiled user dll's ...
Registered in 0.004896 seconds.
Begin MonoManager ReloadAssembly
Native extension for WindowsStandalone target not found
Refreshing native plugins compatible for Editor in 0.29 ms, found 0 plugins.
Preloading 0 native plugins for Editor in 0.00 ms.
Invoked RoslynAnalysisRunner static constructor.
RoslynAnalysisRunner will not be running.
RoslynAnalysisRunner has terminated.
Mono: successfully reloaded assembly
- Completed reload, in  0.835 seconds
Platform modules already initialized, skipping
Refreshing native plugins compatible for Editor in 0.29 ms, found 0 plugins.
Preloading 0 native plugins for Editor in 0.00 ms.
Unloading 1475 Unused Serialized files (Serialized files now loaded: 0)
System memory in use before: 73.9 MB.
System memory in use after: 74.0 MB.

Unloading 12 unused Assets to reduce memory usage. Loaded Objects now: 2009.
Total: 1.972000 ms (FindLiveObjects: 0.182900 ms CreateObjectMapping: 0.054600 ms MarkObjects: 1.718600 ms  DeleteObjects: 0.014800 ms)

